PC: 0100 JMP 01AB Registers { a: 0, b: 0, c: 0, d: 0, e: 0, h: 0, l: 0, sp: FFFF, pc: 1AB, f: Flags(0) }
PC: 01AB LXI 07AD Registers { a: 0, b: 0, c: 0, d: 0, e: 0, h: 0, l: 0, sp: 7AD, pc: 1AE, f: Flags(0) }
PC: 01AE ANI 00 Registers { a: 0, b: 0, c: 0, d: 0, e: 0, h: 0, l: 0, sp: 7AD, pc: 1B0, f: Flags(44) }
PC: 01B0 Jccc 01B6 Registers { a: 0, b: 0, c: 0, d: 0, e: 0, h: 0, l: 0, sp: 7AD, pc: 1B6, f: Flags(44) }
PC: 01B6 Jccc 01BC Registers { a: 0, b: 0, c: 0, d: 0, e: 0, h: 0, l: 0, sp: 7AD, pc: 1BC, f: Flags(44) }
PC: 01BC Jccc 01C2 Registers { a: 0, b: 0, c: 0, d: 0, e: 0, h: 0, l: 0, sp: 7AD, pc: 1C2, f: Flags(44) }
PC: 01C2 Jccc 01C8 Registers { a: 0, b: 0, c: 0, d: 0, e: 0, h: 0, l: 0, sp: 7AD, pc: 1C8, f: Flags(44) }
PC: 01C8 Jccc 0000 Registers { a: 0, b: 0, c: 0, d: 0, e: 0, h: 0, l: 0, sp: 7AD, pc: 1CB, f: Flags(44) }
PC: 01CB Jccc 0000 Registers { a: 0, b: 0, c: 0, d: 0, e: 0, h: 0, l: 0, sp: 7AD, pc: 1CE, f: Flags(44) }
PC: 01CE Jccc 0000 Registers { a: 0, b: 0, c: 0, d: 0, e: 0, h: 0, l: 0, sp: 7AD, pc: 1D1, f: Flags(44) }
PC: 01D1 Jccc 0000 Registers { a: 0, b: 0, c: 0, d: 0, e: 0, h: 0, l: 0, sp: 7AD, pc: 1D4, f: Flags(44) }
PC: 01D4 JMP 01DA Registers { a: 0, b: 0, c: 0, d: 0, e: 0, h: 0, l: 0, sp: 7AD, pc: 1DA, f: Flags(44) }
PC: 01DA ADI 06 Registers { a: 6, b: 0, c: 0, d: 0, e: 0, h: 0, l: 0, sp: 7AD, pc: 1DC, f: Flags(4) }
PC: 01DC Jccc 01E2 Registers { a: 6, b: 0, c: 0, d: 0, e: 0, h: 0, l: 0, sp: 7AD, pc: 1E2, f: Flags(4) }
PC: 01E2 Jccc 0000 Registers { a: 6, b: 0, c: 0, d: 0, e: 0, h: 0, l: 0, sp: 7AD, pc: 1E5, f: Flags(4) }
PC: 01E5 Jccc 0000 Registers { a: 6, b: 0, c: 0, d: 0, e: 0, h: 0, l: 0, sp: 7AD, pc: 1E8, f: Flags(4) }
PC: 01E8 Jccc 01EE Registers { a: 6, b: 0, c: 0, d: 0, e: 0, h: 0, l: 0, sp: 7AD, pc: 1EE, f: Flags(4) }
PC: 01EE ADI 70 Registers { a: 76, b: 0, c: 0, d: 0, e: 0, h: 0, l: 0, sp: 7AD, pc: 1F0, f: Flags(0) }
PC: 01F0 Jccc 01F6 Registers { a: 76, b: 0, c: 0, d: 0, e: 0, h: 0, l: 0, sp: 7AD, pc: 1F6, f: Flags(0) }
PC: 01F6 Jccc 0000 Registers { a: 76, b: 0, c: 0, d: 0, e: 0, h: 0, l: 0, sp: 7AD, pc: 1F9, f: Flags(0) }
PC: 01F9 Jccc 0000 Registers { a: 76, b: 0, c: 0, d: 0, e: 0, h: 0, l: 0, sp: 7AD, pc: 1FC, f: Flags(0) }
PC: 01FC Jccc 0202 Registers { a: 76, b: 0, c: 0, d: 0, e: 0, h: 0, l: 0, sp: 7AD, pc: 202, f: Flags(0) }
PC: 0202 ADI 81 Registers { a: F7, b: 0, c: 0, d: 0, e: 0, h: 0, l: 0, sp: 7AD, pc: 204, f: Flags(80) }
PC: 0204 Jccc 020A Registers { a: F7, b: 0, c: 0, d: 0, e: 0, h: 0, l: 0, sp: 7AD, pc: 20A, f: Flags(80) }
PC: 020A Jccc 0000 Registers { a: F7, b: 0, c: 0, d: 0, e: 0, h: 0, l: 0, sp: 7AD, pc: 20D, f: Flags(80) }
PC: 020D Jccc 0000 Registers { a: F7, b: 0, c: 0, d: 0, e: 0, h: 0, l: 0, sp: 7AD, pc: 210, f: Flags(80) }
PC: 0210 Jccc 0216 Registers { a: F7, b: 0, c: 0, d: 0, e: 0, h: 0, l: 0, sp: 7AD, pc: 216, f: Flags(80) }
PC: 0216 ADI FE Registers { a: F5, b: 0, c: 0, d: 0, e: 0, h: 0, l: 0, sp: 7AD, pc: 218, f: Flags(95) }
PC: 0218 Jccc 021E Registers { a: F5, b: 0, c: 0, d: 0, e: 0, h: 0, l: 0, sp: 7AD, pc: 21E, f: Flags(95) }
PC: 021E Jccc 0000 Registers { a: F5, b: 0, c: 0, d: 0, e: 0, h: 0, l: 0, sp: 7AD, pc: 221, f: Flags(95) }
PC: 0221 Jccc 0000 Registers { a: F5, b: 0, c: 0, d: 0, e: 0, h: 0, l: 0, sp: 7AD, pc: 224, f: Flags(95) }
PC: 0224 Jccc 022A Registers { a: F5, b: 0, c: 0, d: 0, e: 0, h: 0, l: 0, sp: 7AD, pc: 22A, f: Flags(95) }
PC: 022A CPI 42 Registers { a: F5, b: 0, c: 0, d: 0, e: 0, h: 0, l: 0, sp: 7AD, pc: 22C, f: Flags(84) }
PC: 022C Jccc 0000 Registers { a: F5, b: 0, c: 0, d: 0, e: 0, h: 0, l: 0, sp: 7AD, pc: 22F, f: Flags(84) }
PC: 022F Jccc 0000 Registers { a: F5, b: 0, c: 0, d: 0, e: 0, h: 0, l: 0, sp: 7AD, pc: 232, f: Flags(84) }
PC: 0232 CPI 42 Registers { a: F5, b: 0, c: 0, d: 0, e: 0, h: 0, l: 0, sp: 7AD, pc: 234, f: Flags(54) }
PC: 0234 Jccc 0000 Registers { a: F5, b: 0, c: 0, d: 0, e: 0, h: 0, l: 0, sp: 7AD, pc: 237, f: Flags(54) }
PC: 0237 Jccc 0000 Registers { a: F5, b: 0, c: 0, d: 0, e: 0, h: 0, l: 0, sp: 7AD, pc: 23A, f: Flags(54) }
PC: 023A CPI 42 Registers { a: F5, b: 0, c: 0, d: 0, e: 0, h: 0, l: 0, sp: 7AD, pc: 23C, f: Flags(85) }
PC: 023C Jccc 0000 Registers { a: F5, b: 0, c: 0, d: 0, e: 0, h: 0, l: 0, sp: 7AD, pc: 23F, f: Flags(85) }
PC: 023F Jccc 0245 Registers { a: F5, b: 0, c: 0, d: 0, e: 0, h: 0, l: 0, sp: 7AD, pc: 245, f: Flags(85) }
PC: 0245 ACI 0A Registers { a: 0, b: 0, c: 0, d: 0, e: 0, h: 0, l: 0, sp: 7AD, pc: 247, f: Flags(55) }
PC: 0247 ACI 0B Registers { a: B, b: 0, c: 0, d: 0, e: 0, h: 0, l: 0, sp: 7AD, pc: 249, f: Flags(0) }
PC: 0249 CPI 51 Registers { a: B, b: 0, c: 0, d: 0, e: 0, h: 0, l: 0, sp: 7AD, pc: 24B, f: Flags(44) }
PC: 024B Jccc 0251 Registers { a: B, b: 0, c: 0, d: 0, e: 0, h: 0, l: 0, sp: 7AD, pc: 251, f: Flags(44) }
PC: 0251 SUI 0F Registers { a: FF, b: 0, c: 0, d: 0, e: 0, h: 0, l: 0, sp: 7AD, pc: 253, f: Flags(95) }
PC: 0253 SUI F0 Registers { a: F0, b: 0, c: 0, d: 0, e: 0, h: 0, l: 0, sp: 7AD, pc: 255, f: Flags(94) }
PC: 0255 CPI 5D Registers { a: F0, b: 0, c: 0, d: 0, e: 0, h: 0, l: 0, sp: 7AD, pc: 257, f: Flags(54) }
PC: 0257 Jccc 025D Registers { a: F0, b: 0, c: 0, d: 0, e: 0, h: 0, l: 0, sp: 7AD, pc: 25D, f: Flags(54) }
PC: 025D SBI 0E Registers { a: FF, b: 0, c: 0, d: 0, e: 0, h: 0, l: 0, sp: 7AD, pc: 25F, f: Flags(95) }
PC: 025F SBI F0 Registers { a: F0, b: 0, c: 0, d: 0, e: 0, h: 0, l: 0, sp: 7AD, pc: 261, f: Flags(84) }
PC: 0261 CPI 69 Registers { a: F0, b: 0, c: 0, d: 0, e: 0, h: 0, l: 0, sp: 7AD, pc: 263, f: Flags(54) }
PC: 0263 Jccc 0269 Registers { a: F0, b: 0, c: 0, d: 0, e: 0, h: 0, l: 0, sp: 7AD, pc: 269, f: Flags(54) }
PC: 0269 ANI 55 Registers { a: 50, b: 0, c: 0, d: 0, e: 0, h: 0, l: 0, sp: 7AD, pc: 26B, f: Flags(4) }
PC: 026B CPI 73 Registers { a: 50, b: 0, c: 0, d: 0, e: 0, h: 0, l: 0, sp: 7AD, pc: 26D, f: Flags(54) }
PC: 026D Jccc 0273 Registers { a: 50, b: 0, c: 0, d: 0, e: 0, h: 0, l: 0, sp: 7AD, pc: 273, f: Flags(54) }
PC: 0273 ORI 7A Registers { a: 7A, b: 0, c: 0, d: 0, e: 0, h: 0, l: 0, sp: 7AD, pc: 275, f: Flags(0) }
PC: 0275 CPI 7D Registers { a: 7A, b: 0, c: 0, d: 0, e: 0, h: 0, l: 0, sp: 7AD, pc: 277, f: Flags(54) }
PC: 0277 Jccc 027D Registers { a: 7A, b: 0, c: 0, d: 0, e: 0, h: 0, l: 0, sp: 7AD, pc: 27D, f: Flags(54) }
PC: 027D XRI 75 Registers { a: 75, b: 0, c: 0, d: 0, e: 0, h: 0, l: 0, sp: 7AD, pc: 27F, f: Flags(0) }
PC: 027F CPI 87 Registers { a: 75, b: 0, c: 0, d: 0, e: 0, h: 0, l: 0, sp: 7AD, pc: 281, f: Flags(54) }
PC: 0281 Jccc 0287 Registers { a: 75, b: 0, c: 0, d: 0, e: 0, h: 0, l: 0, sp: 7AD, pc: 287, f: Flags(54) }
PC: 0287 ANI 00 Registers { a: 0, b: 0, c: 0, d: 0, e: 0, h: 0, l: 0, sp: 7AD, pc: 289, f: Flags(44) }
PC: 0289 Cccc 0000 Registers { a: 0, b: 0, c: 0, d: 0, e: 0, h: 0, l: 0, sp: 7AD, pc: 28C, f: Flags(44) }
PC: 028C Cccc 0000 Registers { a: 0, b: 0, c: 0, d: 0, e: 0, h: 0, l: 0, sp: 7AD, pc: 28F, f: Flags(44) }
PC: 028F Cccc 0000 Registers { a: 0, b: 0, c: 0, d: 0, e: 0, h: 0, l: 0, sp: 7AD, pc: 292, f: Flags(44) }
PC: 0292 Cccc 0000 Registers { a: 0, b: 0, c: 0, d: 0, e: 0, h: 0, l: 0, sp: 7AD, pc: 295, f: Flags(44) }
PC: 0295 CPI 9D Registers { a: 0, b: 0, c: 0, d: 0, e: 0, h: 0, l: 0, sp: 7AD, pc: 297, f: Flags(44) }
PC: 0297 Jccc 029D Registers { a: 0, b: 0, c: 0, d: 0, e: 0, h: 0, l: 0, sp: 7AD, pc: 29D, f: Flags(44) }
PC: 029D SUI 89 Registers { a: 89, b: 0, c: 0, d: 0, e: 0, h: 0, l: 0, sp: 7AD, pc: 29F, f: Flags(81) }
PC: 029F Cccc 0000 Registers { a: 89, b: 0, c: 0, d: 0, e: 0, h: 0, l: 0, sp: 7AD, pc: 2A2, f: Flags(81) }
PC: 02A2 Cccc 0000 Registers { a: 89, b: 0, c: 0, d: 0, e: 0, h: 0, l: 0, sp: 7AD, pc: 2A5, f: Flags(81) }
PC: 02A5 Cccc 0000 Registers { a: 89, b: 0, c: 0, d: 0, e: 0, h: 0, l: 0, sp: 7AD, pc: 2A8, f: Flags(81) }
PC: 02A8 Cccc 0000 Registers { a: 89, b: 0, c: 0, d: 0, e: 0, h: 0, l: 0, sp: 7AD, pc: 2AB, f: Flags(81) }
PC: 02AB CPI B3 Registers { a: 89, b: 0, c: 0, d: 0, e: 0, h: 0, l: 0, sp: 7AD, pc: 2AD, f: Flags(44) }
PC: 02AD Jccc 02B3 Registers { a: 89, b: 0, c: 0, d: 0, e: 0, h: 0, l: 0, sp: 7AD, pc: 2B3, f: Flags(44) }
PC: 02B3 ANI FF Registers { a: 89, b: 0, c: 0, d: 0, e: 0, h: 0, l: 0, sp: 7AD, pc: 2B5, f: Flags(80) }
PC: 02B5 Cccc 02C0 Registers { a: 89, b: 0, c: 0, d: 0, e: 0, h: 0, l: 0, sp: 7AB, pc: 2C0, f: Flags(80) }
PC: 02C0 Rccc 0000 Registers { a: 89, b: 0, c: 0, d: 0, e: 0, h: 0, l: 0, sp: 7AB, pc: 2C1, f: Flags(80) }
PC: 02C1 ADI 10 Registers { a: 99, b: 0, c: 0, d: 0, e: 0, h: 0, l: 0, sp: 7AB, pc: 2C3, f: Flags(84) }
PC: 02C3 Cccc 02CC Registers { a: 99, b: 0, c: 0, d: 0, e: 0, h: 0, l: 0, sp: 7A9, pc: 2CC, f: Flags(84) }
PC: 02CC Rccc 0000 Registers { a: 99, b: 0, c: 0, d: 0, e: 0, h: 0, l: 0, sp: 7A9, pc: 2CD, f: Flags(84) }
PC: 02CD ADI 20 Registers { a: B9, b: 0, c: 0, d: 0, e: 0, h: 0, l: 0, sp: 7A9, pc: 2CF, f: Flags(80) }
PC: 02CF Cccc 02D8 Registers { a: B9, b: 0, c: 0, d: 0, e: 0, h: 0, l: 0, sp: 7A7, pc: 2D8, f: Flags(80) }
PC: 02D8 Rccc 0000 Registers { a: B9, b: 0, c: 0, d: 0, e: 0, h: 0, l: 0, sp: 7A7, pc: 2D9, f: Flags(80) }
PC: 02D9 ADI 80 Registers { a: 39, b: 0, c: 0, d: 0, e: 0, h: 0, l: 0, sp: 7A7, pc: 2DB, f: Flags(5) }
PC: 02DB Cccc 02E4 Registers { a: 39, b: 0, c: 0, d: 0, e: 0, h: 0, l: 0, sp: 7A5, pc: 2E4, f: Flags(5) }
PC: 02E4 Rccc 0000 Registers { a: 39, b: 0, c: 0, d: 0, e: 0, h: 0, l: 0, sp: 7A5, pc: 2E5, f: Flags(5) }
PC: 02E5 ADI 40 Registers { a: 79, b: 0, c: 0, d: 0, e: 0, h: 0, l: 0, sp: 7A5, pc: 2E7, f: Flags(0) }
PC: 02E7 Cccc 02F0 Registers { a: 79, b: 0, c: 0, d: 0, e: 0, h: 0, l: 0, sp: 7A3, pc: 2F0, f: Flags(0) }
PC: 02F0 Rccc 0000 Registers { a: 79, b: 0, c: 0, d: 0, e: 0, h: 0, l: 0, sp: 7A3, pc: 2F1, f: Flags(0) }
PC: 02F1 ADI 8F Registers { a: 8, b: 0, c: 0, d: 0, e: 0, h: 0, l: 0, sp: 7A3, pc: 2F3, f: Flags(11) }
PC: 02F3 Cccc 02FC Registers { a: 8, b: 0, c: 0, d: 0, e: 0, h: 0, l: 0, sp: 7A1, pc: 2FC, f: Flags(11) }
PC: 02FC Rccc 0000 Registers { a: 8, b: 0, c: 0, d: 0, e: 0, h: 0, l: 0, sp: 7A1, pc: 2FD, f: Flags(11) }
PC: 02FD ADI F7 Registers { a: FF, b: 0, c: 0, d: 0, e: 0, h: 0, l: 0, sp: 7A1, pc: 2FF, f: Flags(84) }
PC: 02FF Cccc 0308 Registers { a: FF, b: 0, c: 0, d: 0, e: 0, h: 0, l: 0, sp: 79F, pc: 308, f: Flags(84) }
PC: 0308 Rccc 0000 Registers { a: FF, b: 0, c: 0, d: 0, e: 0, h: 0, l: 0, sp: 79F, pc: 309, f: Flags(84) }
PC: 0309 ADI 01 Registers { a: 0, b: 0, c: 0, d: 0, e: 0, h: 0, l: 0, sp: 79F, pc: 30B, f: Flags(55) }
PC: 030B Cccc 0314 Registers { a: 0, b: 0, c: 0, d: 0, e: 0, h: 0, l: 0, sp: 79D, pc: 314, f: Flags(55) }
PC: 0314 Rccc 0000 Registers { a: 0, b: 0, c: 0, d: 0, e: 0, h: 0, l: 0, sp: 79D, pc: 315, f: Flags(55) }
PC: 0315 ADI 47 Registers { a: 47, b: 0, c: 0, d: 0, e: 0, h: 0, l: 0, sp: 79D, pc: 317, f: Flags(4) }
PC: 0317 CPI CD Registers { a: 47, b: 0, c: 0, d: 0, e: 0, h: 0, l: 0, sp: 79D, pc: 319, f: Flags(44) }
PC: 0319 Rccc 030B Registers { a: 47, b: 0, c: 0, d: 0, e: 0, h: 0, l: 0, sp: 79F, pc: 30E, f: Flags(44) }
PC: 030E ADI D0 Registers { a: 17, b: 0, c: 0, d: 0, e: 0, h: 0, l: 0, sp: 79F, pc: 310, f: Flags(5) }
PC: 0310 Rccc 02FF Registers { a: 17, b: 0, c: 0, d: 0, e: 0, h: 0, l: 0, sp: 7A1, pc: 302, f: Flags(5) }
PC: 0302 ADI FE Registers { a: 15, b: 0, c: 0, d: 0, e: 0, h: 0, l: 0, sp: 7A1, pc: 304, f: Flags(11) }
PC: 0304 Rccc 02F3 Registers { a: 15, b: 0, c: 0, d: 0, e: 0, h: 0, l: 0, sp: 7A3, pc: 2F6, f: Flags(11) }
PC: 02F6 SUI CD Registers { a: 13, b: 0, c: 0, d: 0, e: 0, h: 0, l: 0, sp: 7A3, pc: 2F8, f: Flags(0) }
PC: 02F8 Rccc 02E7 Registers { a: 13, b: 0, c: 0, d: 0, e: 0, h: 0, l: 0, sp: 7A5, pc: 2EA, f: Flags(0) }
PC: 02EA ADI 40 Registers { a: 53, b: 0, c: 0, d: 0, e: 0, h: 0, l: 0, sp: 7A5, pc: 2EC, f: Flags(4) }
PC: 02EC Rccc 02DB Registers { a: 53, b: 0, c: 0, d: 0, e: 0, h: 0, l: 0, sp: 7A7, pc: 2DE, f: Flags(4) }
PC: 02DE ADI 80 Registers { a: D3, b: 0, c: 0, d: 0, e: 0, h: 0, l: 0, sp: 7A7, pc: 2E0, f: Flags(80) }
PC: 02E0 Rccc 02CF Registers { a: D3, b: 0, c: 0, d: 0, e: 0, h: 0, l: 0, sp: 7A9, pc: 2D2, f: Flags(80) }
PC: 02D2 ADI 04 Registers { a: D7, b: 0, c: 0, d: 0, e: 0, h: 0, l: 0, sp: 7A9, pc: 2D4, f: Flags(84) }
PC: 02D4 Rccc 02C3 Registers { a: D7, b: 0, c: 0, d: 0, e: 0, h: 0, l: 0, sp: 7AB, pc: 2C6, f: Flags(84) }
PC: 02C6 ADI 02 Registers { a: D9, b: 0, c: 0, d: 0, e: 0, h: 0, l: 0, sp: 7AB, pc: 2C8, f: Flags(80) }
PC: 02C8 Rccc 02B5 Registers { a: D9, b: 0, c: 0, d: 0, e: 0, h: 0, l: 0, sp: 7AD, pc: 2B8, f: Flags(80) }
PC: 02B8 CPI 1D Registers { a: D9, b: 0, c: 0, d: 0, e: 0, h: 0, l: 0, sp: 7AD, pc: 2BA, f: Flags(54) }
PC: 02BA Jccc 031D Registers { a: D9, b: 0, c: 0, d: 0, e: 0, h: 0, l: 0, sp: 7AD, pc: 31D, f: Flags(54) }
PC: 031D MVI 47 Registers { a: 77, b: 0, c: 0, d: 0, e: 0, h: 0, l: 0, sp: 7AD, pc: 31F, f: Flags(54) }
PC: 031F INR 77 Registers { a: 78, b: 0, c: 0, d: 0, e: 0, h: 0, l: 0, sp: 7AD, pc: 320, f: Flags(4) }
PC: 0320 MOV 78 Registers { a: 78, b: 78, c: 0, d: 0, e: 0, h: 0, l: 0, sp: 7AD, pc: 321, f: Flags(4) }
PC: 0321 INR 78 Registers { a: 78, b: 79, c: 0, d: 0, e: 0, h: 0, l: 0, sp: 7AD, pc: 322, f: Flags(4) }
PC: 0322 MOV 79 Registers { a: 78, b: 79, c: 79, d: 0, e: 0, h: 0, l: 0, sp: 7AD, pc: 323, f: Flags(4) }
PC: 0323 DCR 79 Registers { a: 78, b: 79, c: 78, d: 0, e: 0, h: 0, l: 0, sp: 7AD, pc: 324, f: Flags(0) }
PC: 0324 MOV 78 Registers { a: 78, b: 79, c: 78, d: 78, e: 0, h: 0, l: 0, sp: 7AD, pc: 325, f: Flags(0) }
PC: 0325 MOV 78 Registers { a: 78, b: 79, c: 78, d: 78, e: 78, h: 0, l: 0, sp: 7AD, pc: 326, f: Flags(0) }
PC: 0326 MOV 78 Registers { a: 78, b: 79, c: 78, d: 78, e: 78, h: 78, l: 0, sp: 7AD, pc: 327, f: Flags(0) }
PC: 0327 MOV 78 Registers { a: 78, b: 79, c: 78, d: 78, e: 78, h: 78, l: 78, sp: 7AD, pc: 328, f: Flags(0) }
PC: 0328 MOV 78 Registers { a: 78, b: 79, c: 78, d: 78, e: 78, h: 78, l: 78, sp: 7AD, pc: 329, f: Flags(0) }
PC: 0329 DCR 78 Registers { a: 77, b: 79, c: 78, d: 78, e: 78, h: 78, l: 78, sp: 7AD, pc: 32A, f: Flags(4) }
PC: 032A MOV 77 Registers { a: 77, b: 79, c: 77, d: 78, e: 78, h: 78, l: 78, sp: 7AD, pc: 32B, f: Flags(4) }
PC: 032B MOV 77 Registers { a: 77, b: 79, c: 77, d: 78, e: 77, h: 78, l: 78, sp: 7AD, pc: 32C, f: Flags(4) }
PC: 032C MOV 77 Registers { a: 77, b: 79, c: 77, d: 78, e: 77, h: 78, l: 77, sp: 7AD, pc: 32D, f: Flags(4) }
PC: 032D MOV 77 Registers { a: 77, b: 77, c: 77, d: 78, e: 77, h: 78, l: 77, sp: 7AD, pc: 32E, f: Flags(4) }
PC: 032E MOV 77 Registers { a: 77, b: 77, c: 77, d: 77, e: 77, h: 78, l: 77, sp: 7AD, pc: 32F, f: Flags(4) }
PC: 032F MOV 77 Registers { a: 77, b: 77, c: 77, d: 77, e: 77, h: 77, l: 77, sp: 7AD, pc: 330, f: Flags(4) }
PC: 0330 MOV 77 Registers { a: 77, b: 77, c: 77, d: 77, e: 77, h: 77, l: 77, sp: 7AD, pc: 331, f: Flags(4) }
PC: 0331 MOV 77 Registers { a: 77, b: 77, c: 77, d: 77, e: 77, h: 77, l: 77, sp: 7AD, pc: 332, f: Flags(4) }
PC: 0332 INR 77 Registers { a: 77, b: 77, c: 77, d: 78, e: 77, h: 77, l: 77, sp: 7AD, pc: 333, f: Flags(4) }
PC: 0333 MOV 78 Registers { a: 77, b: 77, c: 77, d: 78, e: 77, h: 77, l: 78, sp: 7AD, pc: 334, f: Flags(4) }
PC: 0334 MOV 78 Registers { a: 77, b: 77, c: 78, d: 78, e: 77, h: 77, l: 78, sp: 7AD, pc: 335, f: Flags(4) }
PC: 0335 INR 78 Registers { a: 77, b: 77, c: 79, d: 78, e: 77, h: 77, l: 78, sp: 7AD, pc: 336, f: Flags(4) }
PC: 0336 MOV 79 Registers { a: 77, b: 77, c: 79, d: 78, e: 77, h: 79, l: 78, sp: 7AD, pc: 337, f: Flags(4) }
PC: 0337 MOV 79 Registers { a: 77, b: 79, c: 79, d: 78, e: 77, h: 79, l: 78, sp: 7AD, pc: 338, f: Flags(4) }
PC: 0338 DCR 79 Registers { a: 77, b: 78, c: 79, d: 78, e: 77, h: 79, l: 78, sp: 7AD, pc: 339, f: Flags(0) }
PC: 0339 MOV 78 Registers { a: 77, b: 78, c: 79, d: 78, e: 78, h: 79, l: 78, sp: 7AD, pc: 33A, f: Flags(0) }
PC: 033A MOV 78 Registers { a: 78, b: 78, c: 79, d: 78, e: 78, h: 79, l: 78, sp: 7AD, pc: 33B, f: Flags(0) }
PC: 033B MOV 78 Registers { a: 78, b: 78, c: 79, d: 78, e: 78, h: 79, l: 78, sp: 7AD, pc: 33C, f: Flags(0) }
PC: 033C INR 78 Registers { a: 78, b: 78, c: 79, d: 78, e: 79, h: 79, l: 78, sp: 7AD, pc: 33D, f: Flags(4) }
PC: 033D MOV 79 Registers { a: 78, b: 79, c: 79, d: 78, e: 79, h: 79, l: 78, sp: 7AD, pc: 33E, f: Flags(4) }
PC: 033E MOV 79 Registers { a: 78, b: 79, c: 79, d: 78, e: 79, h: 79, l: 78, sp: 7AD, pc: 33F, f: Flags(4) }
PC: 033F INR 79 Registers { a: 78, b: 79, c: 79, d: 78, e: 79, h: 7A, l: 78, sp: 7AD, pc: 340, f: Flags(0) }
PC: 0340 MOV 7A Registers { a: 78, b: 79, c: 7A, d: 78, e: 79, h: 7A, l: 78, sp: 7AD, pc: 341, f: Flags(0) }
PC: 0341 MOV 7A Registers { a: 78, b: 79, c: 7A, d: 78, e: 79, h: 7A, l: 7A, sp: 7AD, pc: 342, f: Flags(0) }
PC: 0342 MOV 7A Registers { a: 78, b: 79, c: 7A, d: 7A, e: 79, h: 7A, l: 7A, sp: 7AD, pc: 343, f: Flags(0) }
PC: 0343 DCR 7A Registers { a: 78, b: 79, c: 7A, d: 79, e: 79, h: 7A, l: 7A, sp: 7AD, pc: 344, f: Flags(0) }
PC: 0344 MOV 79 Registers { a: 79, b: 79, c: 7A, d: 79, e: 79, h: 7A, l: 7A, sp: 7AD, pc: 345, f: Flags(0) }
PC: 0345 MOV 79 Registers { a: 79, b: 79, c: 7A, d: 79, e: 79, h: 79, l: 7A, sp: 7AD, pc: 346, f: Flags(0) }
PC: 0346 DCR 79 Registers { a: 79, b: 79, c: 7A, d: 79, e: 79, h: 78, l: 7A, sp: 7AD, pc: 347, f: Flags(0) }
PC: 0347 MOV 78 Registers { a: 79, b: 79, c: 7A, d: 78, e: 79, h: 78, l: 7A, sp: 7AD, pc: 348, f: Flags(0) }
PC: 0348 MOV 78 Registers { a: 79, b: 78, c: 7A, d: 78, e: 79, h: 78, l: 7A, sp: 7AD, pc: 349, f: Flags(0) }
PC: 0349 MOV 78 Registers { a: 79, b: 78, c: 7A, d: 78, e: 79, h: 78, l: 78, sp: 7AD, pc: 34A, f: Flags(0) }
PC: 034A INR 78 Registers { a: 79, b: 78, c: 7A, d: 78, e: 79, h: 78, l: 79, sp: 7AD, pc: 34B, f: Flags(4) }
PC: 034B MOV 79 Registers { a: 79, b: 78, c: 7A, d: 78, e: 79, h: 78, l: 79, sp: 7AD, pc: 34C, f: Flags(4) }
PC: 034C DCR 79 Registers { a: 79, b: 78, c: 7A, d: 78, e: 78, h: 78, l: 79, sp: 7AD, pc: 34D, f: Flags(0) }
PC: 034D MOV 78 Registers { a: 79, b: 78, c: 78, d: 78, e: 78, h: 78, l: 79, sp: 7AD, pc: 34E, f: Flags(0) }
PC: 034E MOV 78 Registers { a: 78, b: 78, c: 78, d: 78, e: 78, h: 78, l: 79, sp: 7AD, pc: 34F, f: Flags(0) }
PC: 034F MOV 78 Registers { a: 78, b: 78, c: 78, d: 78, e: 78, h: 78, l: 78, sp: 7AD, pc: 350, f: Flags(0) }
PC: 0350 DCR 78 Registers { a: 78, b: 78, c: 78, d: 78, e: 78, h: 78, l: 77, sp: 7AD, pc: 351, f: Flags(4) }
PC: 0351 MOV 77 Registers { a: 78, b: 78, c: 78, d: 78, e: 78, h: 77, l: 77, sp: 7AD, pc: 352, f: Flags(4) }
PC: 0352 MOV 77 Registers { a: 78, b: 78, c: 78, d: 78, e: 77, h: 77, l: 77, sp: 7AD, pc: 353, f: Flags(4) }
PC: 0353 MOV 77 Registers { a: 78, b: 78, c: 78, d: 77, e: 77, h: 77, l: 77, sp: 7AD, pc: 354, f: Flags(4) }
PC: 0354 MOV 77 Registers { a: 78, b: 78, c: 77, d: 77, e: 77, h: 77, l: 77, sp: 7AD, pc: 355, f: Flags(4) }
PC: 0355 MOV 77 Registers { a: 78, b: 77, c: 77, d: 77, e: 77, h: 77, l: 77, sp: 7AD, pc: 356, f: Flags(4) }
PC: 0356 MOV 77 Registers { a: 77, b: 77, c: 77, d: 77, e: 77, h: 77, l: 77, sp: 7AD, pc: 357, f: Flags(4) }
PC: 0357 CPI 89 Registers { a: 77, b: 77, c: 77, d: 77, e: 77, h: 77, l: 77, sp: 7AD, pc: 359, f: Flags(54) }
PC: 0359 Cccc 0000 Registers { a: 77, b: 77, c: 77, d: 77, e: 77, h: 77, l: 77, sp: 7AD, pc: 35C, f: Flags(54) }
PC: 035C XRA 77 Registers { a: 0, b: 77, c: 77, d: 77, e: 77, h: 77, l: 77, sp: 7AD, pc: 35D, f: Flags(44) }
PC: 035D MVI 03 Registers { a: 0, b: 1, c: 77, d: 77, e: 77, h: 77, l: 77, sp: 7AD, pc: 35F, f: Flags(44) }
PC: 035F MVI 07 Registers { a: 0, b: 1, c: 3, d: 77, e: 77, h: 77, l: 77, sp: 7AD, pc: 361, f: Flags(44) }
PC: 0361 MVI 0F Registers { a: 0, b: 1, c: 3, d: 7, e: 77, h: 77, l: 77, sp: 7AD, pc: 363, f: Flags(44) }
PC: 0363 MVI 1F Registers { a: 0, b: 1, c: 3, d: 7, e: F, h: 77, l: 77, sp: 7AD, pc: 365, f: Flags(44) }
PC: 0365 MVI 3F Registers { a: 0, b: 1, c: 3, d: 7, e: F, h: 1F, l: 77, sp: 7AD, pc: 367, f: Flags(44) }
PC: 0367 MVI 81 Registers { a: 0, b: 1, c: 3, d: 7, e: F, h: 1F, l: 3F, sp: 7AD, pc: 369, f: Flags(44) }
PC: 0369 ADD 01 Registers { a: 1, b: 1, c: 3, d: 7, e: F, h: 1F, l: 3F, sp: 7AD, pc: 36A, f: Flags(0) }
PC: 036A ADD 03 Registers { a: 4, b: 1, c: 3, d: 7, e: F, h: 1F, l: 3F, sp: 7AD, pc: 36B, f: Flags(0) }
PC: 036B ADD 07 Registers { a: B, b: 1, c: 3, d: 7, e: F, h: 1F, l: 3F, sp: 7AD, pc: 36C, f: Flags(0) }
PC: 036C ADD 0F Registers { a: 1A, b: 1, c: 3, d: 7, e: F, h: 1F, l: 3F, sp: 7AD, pc: 36D, f: Flags(10) }
PC: 036D ADD 1F Registers { a: 39, b: 1, c: 3, d: 7, e: F, h: 1F, l: 3F, sp: 7AD, pc: 36E, f: Flags(14) }
PC: 036E ADD 3F Registers { a: 78, b: 1, c: 3, d: 7, e: F, h: 1F, l: 3F, sp: 7AD, pc: 36F, f: Flags(14) }
PC: 036F ADD 78 Registers { a: F0, b: 1, c: 3, d: 7, e: F, h: 1F, l: 3F, sp: 7AD, pc: 370, f: Flags(94) }
PC: 0370 CPI 89 Registers { a: F0, b: 1, c: 3, d: 7, e: F, h: 1F, l: 3F, sp: 7AD, pc: 372, f: Flags(54) }
PC: 0372 Cccc 0000 Registers { a: F0, b: 1, c: 3, d: 7, e: F, h: 1F, l: 3F, sp: 7AD, pc: 375, f: Flags(54) }
PC: 0375 SUB 01 Registers { a: EF, b: 1, c: 3, d: 7, e: F, h: 1F, l: 3F, sp: 7AD, pc: 376, f: Flags(90) }
PC: 0376 SUB 03 Registers { a: EC, b: 1, c: 3, d: 7, e: F, h: 1F, l: 3F, sp: 7AD, pc: 377, f: Flags(80) }
PC: 0377 SUB 07 Registers { a: E5, b: 1, c: 3, d: 7, e: F, h: 1F, l: 3F, sp: 7AD, pc: 378, f: Flags(80) }
PC: 0378 SUB 0F Registers { a: D6, b: 1, c: 3, d: 7, e: F, h: 1F, l: 3F, sp: 7AD, pc: 379, f: Flags(90) }
PC: 0379 SUB 1F Registers { a: B7, b: 1, c: 3, d: 7, e: F, h: 1F, l: 3F, sp: 7AD, pc: 37A, f: Flags(94) }
PC: 037A SUB 3F Registers { a: 78, b: 1, c: 3, d: 7, e: F, h: 1F, l: 3F, sp: 7AD, pc: 37B, f: Flags(14) }
PC: 037B CPI 89 Registers { a: 78, b: 1, c: 3, d: 7, e: F, h: 1F, l: 3F, sp: 7AD, pc: 37D, f: Flags(54) }
PC: 037D Cccc 0000 Registers { a: 78, b: 1, c: 3, d: 7, e: F, h: 1F, l: 3F, sp: 7AD, pc: 380, f: Flags(54) }
PC: 0380 SUB 78 Registers { a: 0, b: 1, c: 3, d: 7, e: F, h: 1F, l: 3F, sp: 7AD, pc: 381, f: Flags(44) }
PC: 0381 Cccc 0000 Registers { a: 0, b: 1, c: 3, d: 7, e: F, h: 1F, l: 3F, sp: 7AD, pc: 384, f: Flags(44) }
PC: 0384 MVI 06 Registers { a: 80, b: 1, c: 3, d: 7, e: F, h: 1F, l: 3F, sp: 7AD, pc: 386, f: Flags(44) }
PC: 0386 ADD 80 Registers { a: 0, b: 1, c: 3, d: 7, e: F, h: 1F, l: 3F, sp: 7AD, pc: 387, f: Flags(45) }
PC: 0387 MVI 02 Registers { a: 0, b: 1, c: 3, d: 7, e: F, h: 1F, l: 3F, sp: 7AD, pc: 389, f: Flags(45) }
PC: 0389 MVI 03 Registers { a: 0, b: 1, c: 2, d: 7, e: F, h: 1F, l: 3F, sp: 7AD, pc: 38B, f: Flags(45) }
PC: 038B MVI 04 Registers { a: 0, b: 1, c: 2, d: 3, e: F, h: 1F, l: 3F, sp: 7AD, pc: 38D, f: Flags(45) }
PC: 038D MVI 05 Registers { a: 0, b: 1, c: 2, d: 3, e: 4, h: 1F, l: 3F, sp: 7AD, pc: 38F, f: Flags(45) }
PC: 038F MVI 06 Registers { a: 0, b: 1, c: 2, d: 3, e: 4, h: 5, l: 3F, sp: 7AD, pc: 391, f: Flags(45) }
PC: 0391 MVI 06 Registers { a: 0, b: 1, c: 2, d: 3, e: 4, h: 5, l: 6, sp: 7AD, pc: 393, f: Flags(45) }
PC: 0393 ADC 80 Registers { a: 2, b: 1, c: 2, d: 3, e: 4, h: 5, l: 6, sp: 7AD, pc: 394, f: Flags(0) }
PC: 0394 MVI 80 Registers { a: 2, b: 80, c: 2, d: 3, e: 4, h: 5, l: 6, sp: 7AD, pc: 396, f: Flags(0) }
PC: 0396 ADD 80 Registers { a: 82, b: 80, c: 2, d: 3, e: 4, h: 5, l: 6, sp: 7AD, pc: 397, f: Flags(84) }
PC: 0397 ADD 80 Registers { a: 2, b: 80, c: 2, d: 3, e: 4, h: 5, l: 6, sp: 7AD, pc: 398, f: Flags(1) }
PC: 0398 ADC 80 Registers { a: 5, b: 80, c: 2, d: 3, e: 4, h: 5, l: 6, sp: 7AD, pc: 399, f: Flags(4) }
PC: 0399 ADD 80 Registers { a: 85, b: 80, c: 2, d: 3, e: 4, h: 5, l: 6, sp: 7AD, pc: 39A, f: Flags(80) }
PC: 039A ADD 80 Registers { a: 5, b: 80, c: 2, d: 3, e: 4, h: 5, l: 6, sp: 7AD, pc: 39B, f: Flags(5) }
PC: 039B ADC 80 Registers { a: 9, b: 80, c: 2, d: 3, e: 4, h: 5, l: 6, sp: 7AD, pc: 39C, f: Flags(4) }
PC: 039C ADD 80 Registers { a: 89, b: 80, c: 2, d: 3, e: 4, h: 5, l: 6, sp: 7AD, pc: 39D, f: Flags(80) }
PC: 039D ADD 80 Registers { a: 9, b: 80, c: 2, d: 3, e: 4, h: 5, l: 6, sp: 7AD, pc: 39E, f: Flags(5) }
PC: 039E ADC 80 Registers { a: E, b: 80, c: 2, d: 3, e: 4, h: 5, l: 6, sp: 7AD, pc: 39F, f: Flags(0) }
PC: 039F ADD 80 Registers { a: 8E, b: 80, c: 2, d: 3, e: 4, h: 5, l: 6, sp: 7AD, pc: 3A0, f: Flags(84) }
PC: 03A0 ADD 80 Registers { a: E, b: 80, c: 2, d: 3, e: 4, h: 5, l: 6, sp: 7AD, pc: 3A1, f: Flags(1) }
PC: 03A1 ADC 80 Registers { a: 14, b: 80, c: 2, d: 3, e: 4, h: 5, l: 6, sp: 7AD, pc: 3A2, f: Flags(14) }
PC: 03A2 ADD 80 Registers { a: 94, b: 80, c: 2, d: 3, e: 4, h: 5, l: 6, sp: 7AD, pc: 3A3, f: Flags(80) }
PC: 03A3 ADD 80 Registers { a: 14, b: 80, c: 2, d: 3, e: 4, h: 5, l: 6, sp: 7AD, pc: 3A4, f: Flags(5) }
PC: 03A4 ADC 80 Registers { a: 1B, b: 80, c: 2, d: 3, e: 4, h: 5, l: 6, sp: 7AD, pc: 3A5, f: Flags(4) }
PC: 03A5 ADD 80 Registers { a: 9B, b: 80, c: 2, d: 3, e: 4, h: 5, l: 6, sp: 7AD, pc: 3A6, f: Flags(80) }
PC: 03A6 ADD 80 Registers { a: 1B, b: 80, c: 2, d: 3, e: 4, h: 5, l: 6, sp: 7AD, pc: 3A7, f: Flags(5) }
PC: 03A7 ADC 37 Registers { a: 37, b: 80, c: 2, d: 3, e: 4, h: 5, l: 6, sp: 7AD, pc: 3A8, f: Flags(10) }
PC: 03A8 CPI 89 Registers { a: 37, b: 80, c: 2, d: 3, e: 4, h: 5, l: 6, sp: 7AD, pc: 3AA, f: Flags(54) }
PC: 03AA Cccc 0000 Registers { a: 37, b: 80, c: 2, d: 3, e: 4, h: 5, l: 6, sp: 7AD, pc: 3AD, f: Flags(54) }
PC: 03AD MVI 06 Registers { a: 80, b: 80, c: 2, d: 3, e: 4, h: 5, l: 6, sp: 7AD, pc: 3AF, f: Flags(54) }
PC: 03AF ADD 80 Registers { a: 0, b: 80, c: 2, d: 3, e: 4, h: 5, l: 6, sp: 7AD, pc: 3B0, f: Flags(45) }
PC: 03B0 MVI 06 Registers { a: 0, b: 1, c: 2, d: 3, e: 4, h: 5, l: 6, sp: 7AD, pc: 3B2, f: Flags(45) }
PC: 03B2 SBB FF Registers { a: FE, b: 1, c: 2, d: 3, e: 4, h: 5, l: 6, sp: 7AD, pc: 3B3, f: Flags(91) }
PC: 03B3 MVI 99 Registers { a: FE, b: FF, c: 2, d: 3, e: 4, h: 5, l: 6, sp: 7AD, pc: 3B5, f: Flags(91) }
PC: 03B5 ADD FF Registers { a: FD, b: FF, c: 2, d: 3, e: 4, h: 5, l: 6, sp: 7AD, pc: 3B6, f: Flags(91) }
PC: 03B6 SBB 9A Registers { a: FA, b: FF, c: 2, d: 3, e: 4, h: 5, l: 6, sp: 7AD, pc: 3B7, f: Flags(84) }
PC: 03B7 ADD FF Registers { a: F9, b: FF, c: 2, d: 3, e: 4, h: 5, l: 6, sp: 7AD, pc: 3B8, f: Flags(95) }
PC: 03B8 SBB 9B Registers { a: F5, b: FF, c: 2, d: 3, e: 4, h: 5, l: 6, sp: 7AD, pc: 3B9, f: Flags(84) }
PC: 03B9 ADD FF Registers { a: F4, b: FF, c: 2, d: 3, e: 4, h: 5, l: 6, sp: 7AD, pc: 3BA, f: Flags(91) }
PC: 03BA SBB 9C Registers { a: EF, b: FF, c: 2, d: 3, e: 4, h: 5, l: 6, sp: 7AD, pc: 3BB, f: Flags(90) }
PC: 03BB ADD FF Registers { a: EE, b: FF, c: 2, d: 3, e: 4, h: 5, l: 6, sp: 7AD, pc: 3BC, f: Flags(95) }
PC: 03BC SBB 9D Registers { a: E8, b: FF, c: 2, d: 3, e: 4, h: 5, l: 6, sp: 7AD, pc: 3BD, f: Flags(84) }
PC: 03BD ADD FF Registers { a: E7, b: FF, c: 2, d: 3, e: 4, h: 5, l: 6, sp: 7AD, pc: 3BE, f: Flags(95) }
PC: 03BE SBB E0 Registers { a: E0, b: FF, c: 2, d: 3, e: 4, h: 5, l: 6, sp: 7AD, pc: 3BF, f: Flags(80) }
PC: 03BF CPI 89 Registers { a: E0, b: FF, c: 2, d: 3, e: 4, h: 5, l: 6, sp: 7AD, pc: 3C1, f: Flags(44) }
PC: 03C1 Cccc 0000 Registers { a: E0, b: FF, c: 2, d: 3, e: 4, h: 5, l: 6, sp: 7AD, pc: 3C4, f: Flags(44) }
PC: 03C4 MVI 9F Registers { a: 80, b: FF, c: 2, d: 3, e: 4, h: 5, l: 6, sp: 7AD, pc: 3C6, f: Flags(44) }
PC: 03C6 ADD 80 Registers { a: 0, b: FF, c: 2, d: 3, e: 4, h: 5, l: 6, sp: 7AD, pc: 3C7, f: Flags(45) }
PC: 03C7 SBB FF Registers { a: FF, b: FF, c: 2, d: 3, e: 4, h: 5, l: 6, sp: 7AD, pc: 3C8, f: Flags(95) }
PC: 03C8 CPI 89 Registers { a: FF, b: FF, c: 2, d: 3, e: 4, h: 5, l: 6, sp: 7AD, pc: 3CA, f: Flags(54) }
PC: 03CA Cccc 0000 Registers { a: FF, b: FF, c: 2, d: 3, e: 4, h: 5, l: 6, sp: 7AD, pc: 3CD, f: Flags(54) }
PC: 03CD MVI FE Registers { a: FF, b: FF, c: 2, d: 3, e: 4, h: 5, l: 6, sp: 7AD, pc: 3CF, f: Flags(54) }
PC: 03CF MVI FC Registers { a: FF, b: FE, c: 2, d: 3, e: 4, h: 5, l: 6, sp: 7AD, pc: 3D1, f: Flags(54) }
PC: 03D1 MVI EF Registers { a: FF, b: FE, c: FC, d: 3, e: 4, h: 5, l: 6, sp: 7AD, pc: 3D3, f: Flags(54) }
PC: 03D3 MVI 7F Registers { a: FF, b: FE, c: FC, d: EF, e: 4, h: 5, l: 6, sp: 7AD, pc: 3D5, f: Flags(54) }
PC: 03D5 MVI F4 Registers { a: FF, b: FE, c: FC, d: EF, e: 7F, h: 5, l: 6, sp: 7AD, pc: 3D7, f: Flags(54) }
PC: 03D7 MVI BF Registers { a: FF, b: FE, c: FC, d: EF, e: 7F, h: F4, l: 6, sp: 7AD, pc: 3D9, f: Flags(54) }
PC: 03D9 MVI A1 Registers { a: FF, b: FE, c: FC, d: EF, e: 7F, h: F4, l: BF, sp: 7AD, pc: 3DB, f: Flags(54) }
PC: 03DB ANA FF Registers { a: FF, b: FE, c: FC, d: EF, e: 7F, h: F4, l: BF, sp: 7AD, pc: 3DC, f: Flags(84) }
PC: 03DC ANA FC Registers { a: FC, b: FE, c: FC, d: EF, e: 7F, h: F4, l: BF, sp: 7AD, pc: 3DD, f: Flags(84) }
PC: 03DD ANA EF Registers { a: EC, b: FE, c: FC, d: EF, e: 7F, h: F4, l: BF, sp: 7AD, pc: 3DE, f: Flags(80) }
PC: 03DE ANA 7F Registers { a: 6C, b: FE, c: FC, d: EF, e: 7F, h: F4, l: BF, sp: 7AD, pc: 3DF, f: Flags(4) }
PC: 03DF ANA F4 Registers { a: 64, b: FE, c: FC, d: EF, e: 7F, h: F4, l: BF, sp: 7AD, pc: 3E0, f: Flags(0) }
PC: 03E0 ANA BF Registers { a: 24, b: FE, c: FC, d: EF, e: 7F, h: F4, l: BF, sp: 7AD, pc: 3E1, f: Flags(4) }
PC: 03E1 ANA 24 Registers { a: 24, b: FE, c: FC, d: EF, e: 7F, h: F4, l: BF, sp: 7AD, pc: 3E2, f: Flags(4) }
PC: 03E2 CPI 89 Registers { a: 24, b: FE, c: FC, d: EF, e: 7F, h: F4, l: BF, sp: 7AD, pc: 3E4, f: Flags(44) }
PC: 03E4 Cccc 0000 Registers { a: 24, b: FE, c: FC, d: EF, e: 7F, h: F4, l: BF, sp: 7AD, pc: 3E7, f: Flags(44) }
PC: 03E7 XRA 24 Registers { a: 0, b: FE, c: FC, d: EF, e: 7F, h: F4, l: BF, sp: 7AD, pc: 3E8, f: Flags(44) }
PC: 03E8 MVI 02 Registers { a: 0, b: 1, c: FC, d: EF, e: 7F, h: F4, l: BF, sp: 7AD, pc: 3EA, f: Flags(44) }
PC: 03EA MVI 04 Registers { a: 0, b: 1, c: 2, d: EF, e: 7F, h: F4, l: BF, sp: 7AD, pc: 3EC, f: Flags(44) }
PC: 03EC MVI 08 Registers { a: 0, b: 1, c: 2, d: 4, e: 7F, h: F4, l: BF, sp: 7AD, pc: 3EE, f: Flags(44) }
PC: 03EE MVI 10 Registers { a: 0, b: 1, c: 2, d: 4, e: 8, h: F4, l: BF, sp: 7AD, pc: 3F0, f: Flags(44) }
PC: 03F0 MVI 20 Registers { a: 0, b: 1, c: 2, d: 4, e: 8, h: 10, l: BF, sp: 7AD, pc: 3F2, f: Flags(44) }
PC: 03F2 MVI B1 Registers { a: 0, b: 1, c: 2, d: 4, e: 8, h: 10, l: 20, sp: 7AD, pc: 3F4, f: Flags(44) }
PC: 03F4 ORA 01 Registers { a: 1, b: 1, c: 2, d: 4, e: 8, h: 10, l: 20, sp: 7AD, pc: 3F5, f: Flags(0) }
PC: 03F5 ORA 02 Registers { a: 3, b: 1, c: 2, d: 4, e: 8, h: 10, l: 20, sp: 7AD, pc: 3F6, f: Flags(4) }
PC: 03F6 ORA 04 Registers { a: 7, b: 1, c: 2, d: 4, e: 8, h: 10, l: 20, sp: 7AD, pc: 3F7, f: Flags(0) }
PC: 03F7 ORA 08 Registers { a: F, b: 1, c: 2, d: 4, e: 8, h: 10, l: 20, sp: 7AD, pc: 3F8, f: Flags(4) }
PC: 03F8 ORA 10 Registers { a: 1F, b: 1, c: 2, d: 4, e: 8, h: 10, l: 20, sp: 7AD, pc: 3F9, f: Flags(0) }
PC: 03F9 ORA 20 Registers { a: 3F, b: 1, c: 2, d: 4, e: 8, h: 10, l: 20, sp: 7AD, pc: 3FA, f: Flags(4) }
PC: 03FA ORA 3F Registers { a: 3F, b: 1, c: 2, d: 4, e: 8, h: 10, l: 20, sp: 7AD, pc: 3FB, f: Flags(4) }
PC: 03FB CPI 89 Registers { a: 3F, b: 1, c: 2, d: 4, e: 8, h: 10, l: 20, sp: 7AD, pc: 3FD, f: Flags(54) }
PC: 03FD Cccc 0000 Registers { a: 3F, b: 1, c: 2, d: 4, e: 8, h: 10, l: 20, sp: 7AD, pc: 400, f: Flags(54) }
PC: 0400 MVI 8F Registers { a: 0, b: 1, c: 2, d: 4, e: 8, h: 10, l: 20, sp: 7AD, pc: 402, f: Flags(54) }
PC: 0402 MVI 4F Registers { a: 0, b: 1, c: 2, d: 4, e: 8, h: 8F, l: 20, sp: 7AD, pc: 404, f: Flags(54) }
PC: 0404 MVI A9 Registers { a: 0, b: 1, c: 2, d: 4, e: 8, h: 8F, l: 4F, sp: 7AD, pc: 406, f: Flags(54) }
PC: 0406 XRA 01 Registers { a: 1, b: 1, c: 2, d: 4, e: 8, h: 8F, l: 4F, sp: 7AD, pc: 407, f: Flags(0) }
PC: 0407 XRA 02 Registers { a: 3, b: 1, c: 2, d: 4, e: 8, h: 8F, l: 4F, sp: 7AD, pc: 408, f: Flags(4) }
PC: 0408 XRA 04 Registers { a: 7, b: 1, c: 2, d: 4, e: 8, h: 8F, l: 4F, sp: 7AD, pc: 409, f: Flags(0) }
PC: 0409 XRA 08 Registers { a: F, b: 1, c: 2, d: 4, e: 8, h: 8F, l: 4F, sp: 7AD, pc: 40A, f: Flags(4) }
PC: 040A XRA 8F Registers { a: 80, b: 1, c: 2, d: 4, e: 8, h: 8F, l: 4F, sp: 7AD, pc: 40B, f: Flags(80) }
PC: 040B XRA 4F Registers { a: CF, b: 1, c: 2, d: 4, e: 8, h: 8F, l: 4F, sp: 7AD, pc: 40C, f: Flags(84) }
PC: 040C CPI 89 Registers { a: CF, b: 1, c: 2, d: 4, e: 8, h: 8F, l: 4F, sp: 7AD, pc: 40E, f: Flags(44) }
PC: 040E Cccc 0000 Registers { a: CF, b: 1, c: 2, d: 4, e: 8, h: 8F, l: 4F, sp: 7AD, pc: 411, f: Flags(44) }
PC: 0411 XRA CF Registers { a: 0, b: 1, c: 2, d: 4, e: 8, h: 8F, l: 4F, sp: 7AD, pc: 412, f: Flags(44) }
PC: 0412 Cccc 0000 Registers { a: 0, b: 1, c: 2, d: 4, e: 8, h: 8F, l: 4F, sp: 7AD, pc: 415, f: Flags(44) }
PC: 0415 MVI 45 Registers { a: 0, b: 44, c: 2, d: 4, e: 8, h: 8F, l: 4F, sp: 7AD, pc: 417, f: Flags(44) }
PC: 0417 MVI 46 Registers { a: 0, b: 44, c: 45, d: 4, e: 8, h: 8F, l: 4F, sp: 7AD, pc: 419, f: Flags(44) }
PC: 0419 MVI 47 Registers { a: 0, b: 44, c: 45, d: 46, e: 8, h: 8F, l: 4F, sp: 7AD, pc: 41B, f: Flags(44) }
PC: 041B MVI 06 Registers { a: 0, b: 44, c: 45, d: 46, e: 47, h: 8F, l: 4F, sp: 7AD, pc: 41D, f: Flags(44) }
PC: 041D MVI A6 Registers { a: 0, b: 44, c: 45, d: 46, e: 47, h: 6, l: 4F, sp: 7AD, pc: 41F, f: Flags(44) }
PC: 041F MVI 06 Registers { a: 0, b: 44, c: 45, d: 46, e: 47, h: 6, l: A6, sp: 7AD, pc: 421, f: Flags(44) }
PC: 0421 MOV 44 Registers { a: 0, b: 44, c: 45, d: 46, e: 47, h: 6, l: A6, sp: 7AD, pc: 422, f: Flags(44) }
PC: 0422 MVI 3E Registers { a: 0, b: 0, c: 45, d: 46, e: 47, h: 6, l: A6, sp: 7AD, pc: 424, f: Flags(44) }
PC: 0424 MOV 44 Registers { a: 0, b: 44, c: 45, d: 46, e: 47, h: 6, l: A6, sp: 7AD, pc: 425, f: Flags(44) }
PC: 0425 MVI C4 Registers { a: 44, b: 44, c: 45, d: 46, e: 47, h: 6, l: A6, sp: 7AD, pc: 427, f: Flags(44) }
PC: 0427 CMP 89 Registers { a: 44, b: 44, c: 45, d: 46, e: 47, h: 6, l: A6, sp: 7AD, pc: 428, f: Flags(44) }
PC: 0428 Cccc 0000 Registers { a: 44, b: 44, c: 45, d: 46, e: 47, h: 6, l: A6, sp: 7AD, pc: 42B, f: Flags(44) }
PC: 042B MOV 46 Registers { a: 44, b: 44, c: 45, d: 46, e: 47, h: 6, l: A6, sp: 7AD, pc: 42C, f: Flags(44) }
PC: 042C MVI 3E Registers { a: 44, b: 44, c: 45, d: 0, e: 47, h: 6, l: A6, sp: 7AD, pc: 42E, f: Flags(44) }
PC: 042E MOV 46 Registers { a: 44, b: 44, c: 45, d: 46, e: 47, h: 6, l: A6, sp: 7AD, pc: 42F, f: Flags(44) }
PC: 042F MVI C4 Registers { a: 46, b: 44, c: 45, d: 46, e: 47, h: 6, l: A6, sp: 7AD, pc: 431, f: Flags(44) }
PC: 0431 CMP 89 Registers { a: 46, b: 44, c: 45, d: 46, e: 47, h: 6, l: A6, sp: 7AD, pc: 432, f: Flags(44) }
PC: 0432 Cccc 0000 Registers { a: 46, b: 44, c: 45, d: 46, e: 47, h: 6, l: A6, sp: 7AD, pc: 435, f: Flags(44) }
PC: 0435 MOV 47 Registers { a: 46, b: 44, c: 45, d: 46, e: 47, h: 6, l: A6, sp: 7AD, pc: 436, f: Flags(44) }
PC: 0436 MVI 3E Registers { a: 46, b: 44, c: 45, d: 46, e: 0, h: 6, l: A6, sp: 7AD, pc: 438, f: Flags(44) }
PC: 0438 MOV 47 Registers { a: 46, b: 44, c: 45, d: 46, e: 47, h: 6, l: A6, sp: 7AD, pc: 439, f: Flags(44) }
PC: 0439 MVI C4 Registers { a: 47, b: 44, c: 45, d: 46, e: 47, h: 6, l: A6, sp: 7AD, pc: 43B, f: Flags(44) }
PC: 043B CMP 89 Registers { a: 47, b: 44, c: 45, d: 46, e: 47, h: 6, l: A6, sp: 7AD, pc: 43C, f: Flags(44) }
PC: 043C Cccc 0000 Registers { a: 47, b: 44, c: 45, d: 46, e: 47, h: 6, l: A6, sp: 7AD, pc: 43F, f: Flags(44) }
PC: 043F MOV 06 Registers { a: 47, b: 44, c: 45, d: 46, e: 47, h: 6, l: A6, sp: 7AD, pc: 440, f: Flags(44) }
PC: 0440 MVI A6 Registers { a: 47, b: 44, c: 45, d: 46, e: 47, h: 6, l: A6, sp: 7AD, pc: 442, f: Flags(44) }
PC: 0442 MVI 3E Registers { a: 47, b: 44, c: 45, d: 46, e: 47, h: 6, l: A6, sp: 7AD, pc: 444, f: Flags(44) }
PC: 0444 MOV 06 Registers { a: 47, b: 44, c: 45, d: 46, e: 47, h: 6, l: A6, sp: 7AD, pc: 445, f: Flags(44) }
PC: 0445 MVI C4 Registers { a: 6, b: 44, c: 45, d: 46, e: 47, h: 6, l: A6, sp: 7AD, pc: 447, f: Flags(44) }
PC: 0447 CMP 89 Registers { a: 6, b: 44, c: 45, d: 46, e: 47, h: 6, l: A6, sp: 7AD, pc: 448, f: Flags(44) }
PC: 0448 Cccc 0000 Registers { a: 6, b: 44, c: 45, d: 46, e: 47, h: 6, l: A6, sp: 7AD, pc: 44B, f: Flags(44) }
PC: 044B MOV A6 Registers { a: 6, b: 44, c: 45, d: 46, e: 47, h: 6, l: A6, sp: 7AD, pc: 44C, f: Flags(44) }
PC: 044C MVI A6 Registers { a: 6, b: 44, c: 45, d: 46, e: 47, h: 6, l: A6, sp: 7AD, pc: 44E, f: Flags(44) }
PC: 044E MVI 3E Registers { a: 6, b: 44, c: 45, d: 46, e: 47, h: 6, l: A6, sp: 7AD, pc: 450, f: Flags(44) }
PC: 0450 MOV A6 Registers { a: 6, b: 44, c: 45, d: 46, e: 47, h: 6, l: A6, sp: 7AD, pc: 451, f: Flags(44) }
PC: 0451 MVI C4 Registers { a: A6, b: 44, c: 45, d: 46, e: 47, h: 6, l: A6, sp: 7AD, pc: 453, f: Flags(44) }
PC: 0453 CMP 89 Registers { a: A6, b: 44, c: 45, d: 46, e: 47, h: 6, l: A6, sp: 7AD, pc: 454, f: Flags(44) }
PC: 0454 Cccc 0000 Registers { a: A6, b: 44, c: 45, d: 46, e: 47, h: 6, l: A6, sp: 7AD, pc: 457, f: Flags(44) }
PC: 0457 MVI A6 Registers { a: A6, b: 44, c: 45, d: 46, e: 47, h: 6, l: A6, sp: 7AD, pc: 459, f: Flags(44) }
PC: 0459 MVI 32 Registers { a: A6, b: 44, c: 45, d: 46, e: 47, h: 6, l: A6, sp: 7AD, pc: 45B, f: Flags(44) }
PC: 045B MVI BE Registers { a: 32, b: 44, c: 45, d: 46, e: 47, h: 6, l: A6, sp: 7AD, pc: 45D, f: Flags(44) }
PC: 045D MOV 32 Registers { a: 32, b: 44, c: 45, d: 46, e: 47, h: 6, l: A6, sp: 7AD, pc: 45E, f: Flags(44) }
PC: 045E CMP 89 Registers { a: 32, b: 44, c: 45, d: 46, e: 47, h: 6, l: A6, sp: 7AD, pc: 45F, f: Flags(54) }
PC: 045F Cccc 0000 Registers { a: 32, b: 44, c: 45, d: 46, e: 47, h: 6, l: A6, sp: 7AD, pc: 462, f: Flags(54) }
PC: 0462 ADD 32 Registers { a: 64, b: 44, c: 45, d: 46, e: 47, h: 6, l: A6, sp: 7AD, pc: 463, f: Flags(0) }
PC: 0463 CPI 89 Registers { a: 64, b: 44, c: 45, d: 46, e: 47, h: 6, l: A6, sp: 7AD, pc: 465, f: Flags(44) }
PC: 0465 Cccc 0000 Registers { a: 64, b: 44, c: 45, d: 46, e: 47, h: 6, l: A6, sp: 7AD, pc: 468, f: Flags(44) }
PC: 0468 XRA 64 Registers { a: 0, b: 44, c: 45, d: 46, e: 47, h: 6, l: A6, sp: 7AD, pc: 469, f: Flags(44) }
PC: 0469 MOV 32 Registers { a: 32, b: 44, c: 45, d: 46, e: 47, h: 6, l: A6, sp: 7AD, pc: 46A, f: Flags(44) }
PC: 046A CPI 89 Registers { a: 32, b: 44, c: 45, d: 46, e: 47, h: 6, l: A6, sp: 7AD, pc: 46C, f: Flags(54) }
PC: 046C Cccc 0000 Registers { a: 32, b: 44, c: 45, d: 46, e: 47, h: 6, l: A6, sp: 7AD, pc: 46F, f: Flags(54) }
PC: 046F MVI A6 Registers { a: 32, b: 44, c: 45, d: 46, e: 47, h: 6, l: A6, sp: 7AD, pc: 471, f: Flags(54) }
PC: 0471 MVI 96 Registers { a: 32, b: 44, c: 45, d: 46, e: 47, h: 6, l: A6, sp: 7AD, pc: 473, f: Flags(54) }
PC: 0473 MOV 32 Registers { a: 32, b: 44, c: 45, d: 46, e: 47, h: 6, l: A6, sp: 7AD, pc: 474, f: Flags(54) }
PC: 0474 SUB 32 Registers { a: 0, b: 44, c: 45, d: 46, e: 47, h: 6, l: A6, sp: 7AD, pc: 475, f: Flags(44) }
PC: 0475 Cccc 0000 Registers { a: 0, b: 44, c: 45, d: 46, e: 47, h: 6, l: A6, sp: 7AD, pc: 478, f: Flags(44) }
PC: 0478 MVI 8E Registers { a: 80, b: 44, c: 45, d: 46, e: 47, h: 6, l: A6, sp: 7AD, pc: 47A, f: Flags(44) }
PC: 047A ADD 80 Registers { a: 0, b: 44, c: 45, d: 46, e: 47, h: 6, l: A6, sp: 7AD, pc: 47B, f: Flags(45) }
PC: 047B ADC 33 Registers { a: 33, b: 44, c: 45, d: 46, e: 47, h: 6, l: A6, sp: 7AD, pc: 47C, f: Flags(4) }
PC: 047C CPI 89 Registers { a: 33, b: 44, c: 45, d: 46, e: 47, h: 6, l: A6, sp: 7AD, pc: 47E, f: Flags(54) }
PC: 047E Cccc 0000 Registers { a: 33, b: 44, c: 45, d: 46, e: 47, h: 6, l: A6, sp: 7AD, pc: 481, f: Flags(54) }
PC: 0481 MVI 9E Registers { a: 80, b: 44, c: 45, d: 46, e: 47, h: 6, l: A6, sp: 7AD, pc: 483, f: Flags(54) }
PC: 0483 ADD 80 Registers { a: 0, b: 44, c: 45, d: 46, e: 47, h: 6, l: A6, sp: 7AD, pc: 484, f: Flags(45) }
PC: 0484 SBB CD Registers { a: CD, b: 44, c: 45, d: 46, e: 47, h: 6, l: A6, sp: 7AD, pc: 485, f: Flags(91) }
PC: 0485 CPI 89 Registers { a: CD, b: 44, c: 45, d: 46, e: 47, h: 6, l: A6, sp: 7AD, pc: 487, f: Flags(44) }
PC: 0487 Cccc 0000 Registers { a: CD, b: 44, c: 45, d: 46, e: 47, h: 6, l: A6, sp: 7AD, pc: 48A, f: Flags(44) }
PC: 048A ANA 32 Registers { a: 0, b: 44, c: 45, d: 46, e: 47, h: 6, l: A6, sp: 7AD, pc: 48B, f: Flags(44) }
PC: 048B Cccc 0000 Registers { a: 0, b: 44, c: 45, d: 46, e: 47, h: 6, l: A6, sp: 7AD, pc: 48E, f: Flags(44) }
PC: 048E MVI FE Registers { a: 25, b: 44, c: 45, d: 46, e: 47, h: 6, l: A6, sp: 7AD, pc: 490, f: Flags(44) }
PC: 0490 ORA 32 Registers { a: 37, b: 44, c: 45, d: 46, e: 47, h: 6, l: A6, sp: 7AD, pc: 491, f: Flags(0) }
PC: 0491 CPI 89 Registers { a: 37, b: 44, c: 45, d: 46, e: 47, h: 6, l: A6, sp: 7AD, pc: 493, f: Flags(54) }
PC: 0493 Cccc 0000 Registers { a: 37, b: 44, c: 45, d: 46, e: 47, h: 6, l: A6, sp: 7AD, pc: 496, f: Flags(54) }
PC: 0496 XRA 32 Registers { a: 5, b: 44, c: 45, d: 46, e: 47, h: 6, l: A6, sp: 7AD, pc: 497, f: Flags(4) }
PC: 0497 CPI 89 Registers { a: 5, b: 44, c: 45, d: 46, e: 47, h: 6, l: A6, sp: 7AD, pc: 499, f: Flags(44) }
PC: 0499 Cccc 0000 Registers { a: 5, b: 44, c: 45, d: 46, e: 47, h: 6, l: A6, sp: 7AD, pc: 49C, f: Flags(44) }
PC: 049C MVI 35 Registers { a: 5, b: 44, c: 45, d: 46, e: 47, h: 6, l: A6, sp: 7AD, pc: 49E, f: Flags(44) }
PC: 049E INR 55 Registers { a: 5, b: 44, c: 45, d: 46, e: 47, h: 6, l: A6, sp: 7AD, pc: 49F, f: Flags(4) }
PC: 049F DCR 56 Registers { a: 5, b: 44, c: 45, d: 46, e: 47, h: 6, l: A6, sp: 7AD, pc: 4A0, f: Flags(4) }
PC: 04A0 ADD 55 Registers { a: 5A, b: 44, c: 45, d: 46, e: 47, h: 6, l: A6, sp: 7AD, pc: 4A1, f: Flags(4) }
PC: 04A1 CPI 89 Registers { a: 5A, b: 44, c: 45, d: 46, e: 47, h: 6, l: A6, sp: 7AD, pc: 4A3, f: Flags(54) }
PC: 04A3 Cccc 0000 Registers { a: 5A, b: 44, c: 45, d: 46, e: 47, h: 6, l: A6, sp: 7AD, pc: 4A6, f: Flags(54) }
PC: 04A6 LXI 12FF Registers { a: 5A, b: 12, c: FF, d: 46, e: 47, h: 6, l: A6, sp: 7AD, pc: 4A9, f: Flags(54) }
PC: 04A9 LXI 12FF Registers { a: 5A, b: 12, c: FF, d: 12, e: FF, h: 6, l: A6, sp: 7AD, pc: 4AC, f: Flags(54) }
PC: 04AC LXI 12FF Registers { a: 5A, b: 12, c: FF, d: 12, e: FF, h: 12, l: FF, sp: 7AD, pc: 4AF, f: Flags(54) }
PC: 04AF INX 12ff Registers { a: 5A, b: 13, c: 0, d: 12, e: FF, h: 12, l: FF, sp: 7AD, pc: 4B0, f: Flags(54) }
PC: 04B0 INX 12ff Registers { a: 5A, b: 13, c: 0, d: 13, e: 0, h: 12, l: FF, sp: 7AD, pc: 4B1, f: Flags(54) }
PC: 04B1 INX 12ff Registers { a: 5A, b: 13, c: 0, d: 13, e: 0, h: 13, l: 0, sp: 7AD, pc: 4B2, f: Flags(54) }
PC: 04B2 MVI C4 Registers { a: 13, b: 13, c: 0, d: 13, e: 0, h: 13, l: 0, sp: 7AD, pc: 4B4, f: Flags(54) }
PC: 04B4 CMP 89 Registers { a: 13, b: 13, c: 0, d: 13, e: 0, h: 13, l: 0, sp: 7AD, pc: 4B5, f: Flags(54) }
PC: 04B5 Cccc 0000 Registers { a: 13, b: 13, c: 0, d: 13, e: 0, h: 13, l: 0, sp: 7AD, pc: 4B8, f: Flags(54) }
PC: 04B8 CMP 89 Registers { a: 13, b: 13, c: 0, d: 13, e: 0, h: 13, l: 0, sp: 7AD, pc: 4B9, f: Flags(54) }
PC: 04B9 Cccc 0000 Registers { a: 13, b: 13, c: 0, d: 13, e: 0, h: 13, l: 0, sp: 7AD, pc: 4BC, f: Flags(54) }
PC: 04BC CMP 89 Registers { a: 13, b: 13, c: 0, d: 13, e: 0, h: 13, l: 0, sp: 7AD, pc: 4BD, f: Flags(54) }
PC: 04BD Cccc 0000 Registers { a: 13, b: 13, c: 0, d: 13, e: 0, h: 13, l: 0, sp: 7AD, pc: 4C0, f: Flags(54) }
PC: 04C0 MVI C4 Registers { a: 0, b: 13, c: 0, d: 13, e: 0, h: 13, l: 0, sp: 7AD, pc: 4C2, f: Flags(54) }
PC: 04C2 CMP 89 Registers { a: 0, b: 13, c: 0, d: 13, e: 0, h: 13, l: 0, sp: 7AD, pc: 4C3, f: Flags(44) }
PC: 04C3 Cccc 0000 Registers { a: 0, b: 13, c: 0, d: 13, e: 0, h: 13, l: 0, sp: 7AD, pc: 4C6, f: Flags(44) }
PC: 04C6 CMP 89 Registers { a: 0, b: 13, c: 0, d: 13, e: 0, h: 13, l: 0, sp: 7AD, pc: 4C7, f: Flags(44) }
PC: 04C7 Cccc 0000 Registers { a: 0, b: 13, c: 0, d: 13, e: 0, h: 13, l: 0, sp: 7AD, pc: 4CA, f: Flags(44) }
PC: 04CA CMP 89 Registers { a: 0, b: 13, c: 0, d: 13, e: 0, h: 13, l: 0, sp: 7AD, pc: 4CB, f: Flags(44) }
PC: 04CB Cccc 0000 Registers { a: 0, b: 13, c: 0, d: 13, e: 0, h: 13, l: 0, sp: 7AD, pc: 4CE, f: Flags(44) }
PC: 04CE DCX 1300 Registers { a: 0, b: 12, c: FF, d: 13, e: 0, h: 13, l: 0, sp: 7AD, pc: 4CF, f: Flags(44) }
PC: 04CF DCX 1300 Registers { a: 0, b: 12, c: FF, d: 12, e: FF, h: 13, l: 0, sp: 7AD, pc: 4D0, f: Flags(44) }
PC: 04D0 DCX 1300 Registers { a: 0, b: 12, c: FF, d: 12, e: FF, h: 12, l: FF, sp: 7AD, pc: 4D1, f: Flags(44) }
PC: 04D1 MVI C4 Registers { a: 12, b: 12, c: FF, d: 12, e: FF, h: 12, l: FF, sp: 7AD, pc: 4D3, f: Flags(44) }
PC: 04D3 CMP 89 Registers { a: 12, b: 12, c: FF, d: 12, e: FF, h: 12, l: FF, sp: 7AD, pc: 4D4, f: Flags(54) }
PC: 04D4 Cccc 0000 Registers { a: 12, b: 12, c: FF, d: 12, e: FF, h: 12, l: FF, sp: 7AD, pc: 4D7, f: Flags(54) }
PC: 04D7 CMP 89 Registers { a: 12, b: 12, c: FF, d: 12, e: FF, h: 12, l: FF, sp: 7AD, pc: 4D8, f: Flags(54) }
PC: 04D8 Cccc 0000 Registers { a: 12, b: 12, c: FF, d: 12, e: FF, h: 12, l: FF, sp: 7AD, pc: 4DB, f: Flags(54) }
PC: 04DB CMP 89 Registers { a: 12, b: 12, c: FF, d: 12, e: FF, h: 12, l: FF, sp: 7AD, pc: 4DC, f: Flags(54) }
PC: 04DC Cccc 0000 Registers { a: 12, b: 12, c: FF, d: 12, e: FF, h: 12, l: FF, sp: 7AD, pc: 4DF, f: Flags(54) }
PC: 04DF MVI C4 Registers { a: FF, b: 12, c: FF, d: 12, e: FF, h: 12, l: FF, sp: 7AD, pc: 4E1, f: Flags(54) }
PC: 04E1 CMP 89 Registers { a: FF, b: 12, c: FF, d: 12, e: FF, h: 12, l: FF, sp: 7AD, pc: 4E2, f: Flags(54) }
PC: 04E2 Cccc 0000 Registers { a: FF, b: 12, c: FF, d: 12, e: FF, h: 12, l: FF, sp: 7AD, pc: 4E5, f: Flags(54) }
PC: 04E5 CMP 89 Registers { a: FF, b: 12, c: FF, d: 12, e: FF, h: 12, l: FF, sp: 7AD, pc: 4E6, f: Flags(54) }
PC: 04E6 Cccc 0000 Registers { a: FF, b: 12, c: FF, d: 12, e: FF, h: 12, l: FF, sp: 7AD, pc: 4E9, f: Flags(54) }
PC: 04E9 CMP 89 Registers { a: FF, b: 12, c: FF, d: 12, e: FF, h: 12, l: FF, sp: 7AD, pc: 4EA, f: Flags(54) }
PC: 04EA Cccc 0000 Registers { a: FF, b: 12, c: FF, d: 12, e: FF, h: 12, l: FF, sp: 7AD, pc: 4ED, f: Flags(54) }
PC: 04ED SDA 06A6 Registers { a: FF, b: 12, c: FF, d: 12, e: FF, h: 12, l: FF, sp: 7AD, pc: 4F0, f: Flags(54) }
PC: 04F0 XRA FF Registers { a: 0, b: 12, c: FF, d: 12, e: FF, h: 12, l: FF, sp: 7AD, pc: 4F1, f: Flags(44) }
PC: 04F1 LDA 06A6 Registers { a: FF, b: 12, c: FF, d: 12, e: FF, h: 12, l: FF, sp: 7AD, pc: 4F4, f: Flags(44) }
PC: 04F4 CPI 89 Registers { a: FF, b: 12, c: FF, d: 12, e: FF, h: 12, l: FF, sp: 7AD, pc: 4F6, f: Flags(54) }
PC: 04F6 Cccc 0000 Registers { a: FF, b: 12, c: FF, d: 12, e: FF, h: 12, l: FF, sp: 7AD, pc: 4F9, f: Flags(54) }
PC: 04F9 LHLD 06A6 Registers { a: FF, b: 12, c: FF, d: 12, e: FF, h: 6, l: A6, sp: 7AD, pc: 4FC, f: Flags(54) }
PC: 04FC LHLD 06A6 Registers { a: FF, b: 12, c: FF, d: 12, e: FF, h: 6, l: A6, sp: 7AD, pc: 4FF, f: Flags(54) }
PC: 04FF LDA 06A4 Registers { a: A6, b: 12, c: FF, d: 12, e: FF, h: 6, l: A6, sp: 7AD, pc: 502, f: Flags(54) }
PC: 0502 MOV A6 Registers { a: A6, b: A6, c: FF, d: 12, e: FF, h: 6, l: A6, sp: 7AD, pc: 503, f: Flags(54) }
PC: 0503 LDA 06A6 Registers { a: A6, b: A6, c: FF, d: 12, e: FF, h: 6, l: A6, sp: 7AD, pc: 506, f: Flags(54) }
PC: 0506 CMP 89 Registers { a: A6, b: A6, c: FF, d: 12, e: FF, h: 6, l: A6, sp: 7AD, pc: 507, f: Flags(44) }
PC: 0507 Cccc 0000 Registers { a: A6, b: A6, c: FF, d: 12, e: FF, h: 6, l: A6, sp: 7AD, pc: 50A, f: Flags(44) }
PC: 050A LDA 06A5 Registers { a: 6, b: A6, c: FF, d: 12, e: FF, h: 6, l: A6, sp: 7AD, pc: 50D, f: Flags(44) }
PC: 050D MOV 06 Registers { a: 6, b: 6, c: FF, d: 12, e: FF, h: 6, l: A6, sp: 7AD, pc: 50E, f: Flags(44) }
PC: 050E LDA 06A7 Registers { a: 6, b: 6, c: FF, d: 12, e: FF, h: 6, l: A6, sp: 7AD, pc: 511, f: Flags(44) }
PC: 0511 CMP 89 Registers { a: 6, b: 6, c: FF, d: 12, e: FF, h: 6, l: A6, sp: 7AD, pc: 512, f: Flags(44) }
PC: 0512 Cccc 0000 Registers { a: 6, b: 6, c: FF, d: 12, e: FF, h: 6, l: A6, sp: 7AD, pc: 515, f: Flags(44) }
PC: 0515 MVI A6 Registers { a: AA, b: 6, c: FF, d: 12, e: FF, h: 6, l: A6, sp: 7AD, pc: 517, f: Flags(44) }
PC: 0517 SDA 06A6 Registers { a: AA, b: 6, c: FF, d: 12, e: FF, h: 6, l: A6, sp: 7AD, pc: 51A, f: Flags(44) }
PC: 051A MOV 06 Registers { a: AA, b: 6, c: FF, d: 12, e: FF, h: 6, l: A6, sp: 7AD, pc: 51B, f: Flags(44) }
PC: 051B MOV A6 Registers { a: AA, b: 6, c: A6, d: 12, e: FF, h: 6, l: A6, sp: 7AD, pc: 51C, f: Flags(44) }
PC: 051C XRA AA Registers { a: 0, b: 6, c: A6, d: 12, e: FF, h: 6, l: A6, sp: 7AD, pc: 51D, f: Flags(44) }
PC: 051D LDAX 06A6 Registers { a: AA, b: 6, c: A6, d: 12, e: FF, h: 6, l: A6, sp: 7AD, pc: 51E, f: Flags(44) }
PC: 051E CPI 89 Registers { a: AA, b: 6, c: A6, d: 12, e: FF, h: 6, l: A6, sp: 7AD, pc: 520, f: Flags(44) }
PC: 0520 Cccc 0000 Registers { a: AA, b: 6, c: A6, d: 12, e: FF, h: 6, l: A6, sp: 7AD, pc: 523, f: Flags(44) }
PC: 0523 INR AA Registers { a: AB, b: 6, c: A6, d: 12, e: FF, h: 6, l: A6, sp: 7AD, pc: 524, f: Flags(84) }
PC: 0524 STAX 06A6 Registers { a: AB, b: 6, c: A6, d: 12, e: FF, h: 6, l: A6, sp: 7AD, pc: 525, f: Flags(84) }
PC: 0525 LDA 06A6 Registers { a: AB, b: 6, c: A6, d: 12, e: FF, h: 6, l: A6, sp: 7AD, pc: 528, f: Flags(84) }
PC: 0528 CPI 89 Registers { a: AB, b: 6, c: A6, d: 12, e: FF, h: 6, l: A6, sp: 7AD, pc: 52A, f: Flags(44) }
PC: 052A Cccc 0000 Registers { a: AB, b: 6, c: A6, d: 12, e: FF, h: 6, l: A6, sp: 7AD, pc: 52D, f: Flags(44) }
PC: 052D MVI A6 Registers { a: 77, b: 6, c: A6, d: 12, e: FF, h: 6, l: A6, sp: 7AD, pc: 52F, f: Flags(44) }
PC: 052F SDA 06A6 Registers { a: 77, b: 6, c: A6, d: 12, e: FF, h: 6, l: A6, sp: 7AD, pc: 532, f: Flags(44) }
PC: 0532 LHLD 06A6 Registers { a: 77, b: 6, c: A6, d: 12, e: FF, h: 6, l: A6, sp: 7AD, pc: 535, f: Flags(44) }
PC: 0535 LXI 0000 Registers { a: 77, b: 6, c: A6, d: 0, e: 0, h: 6, l: A6, sp: 7AD, pc: 538, f: Flags(44) }
PC: 0538 XCHG 0000 Registers { a: 77, b: 6, c: A6, d: 6, e: A6, h: 0, l: 0, sp: 7AD, pc: 539, f: Flags(44) }
PC: 0539 XRA 77 Registers { a: 0, b: 6, c: A6, d: 6, e: A6, h: 0, l: 0, sp: 7AD, pc: 53A, f: Flags(44) }
PC: 053A LDAX 06A6 Registers { a: 77, b: 6, c: A6, d: 6, e: A6, h: 0, l: 0, sp: 7AD, pc: 53B, f: Flags(44) }
PC: 053B CPI 89 Registers { a: 77, b: 6, c: A6, d: 6, e: A6, h: 0, l: 0, sp: 7AD, pc: 53D, f: Flags(54) }
PC: 053D Cccc 0000 Registers { a: 77, b: 6, c: A6, d: 6, e: A6, h: 0, l: 0, sp: 7AD, pc: 540, f: Flags(54) }
PC: 0540 XRA 77 Registers { a: 0, b: 6, c: A6, d: 6, e: A6, h: 0, l: 0, sp: 7AD, pc: 541, f: Flags(44) }
PC: 0541 ADD 00 Registers { a: 0, b: 6, c: A6, d: 6, e: A6, h: 0, l: 0, sp: 7AD, pc: 542, f: Flags(44) }
PC: 0542 ADD 00 Registers { a: 0, b: 6, c: A6, d: 6, e: A6, h: 0, l: 0, sp: 7AD, pc: 543, f: Flags(44) }
PC: 0543 Cccc 0000 Registers { a: 0, b: 6, c: A6, d: 6, e: A6, h: 0, l: 0, sp: 7AD, pc: 546, f: Flags(44) }
PC: 0546 MVI 3A Registers { a: CC, b: 6, c: A6, d: 6, e: A6, h: 0, l: 0, sp: 7AD, pc: 548, f: Flags(44) }
PC: 0548 STAX 06A6 Registers { a: CC, b: 6, c: A6, d: 6, e: A6, h: 0, l: 0, sp: 7AD, pc: 549, f: Flags(44) }
PC: 0549 LDA 06A6 Registers { a: CC, b: 6, c: A6, d: 6, e: A6, h: 0, l: 0, sp: 7AD, pc: 54C, f: Flags(44) }
PC: 054C CPI 3A Registers { a: CC, b: 6, c: A6, d: 6, e: A6, h: 0, l: 0, sp: 7AD, pc: 54E, f: Flags(44) }
PC: 054E STAX 06A6 Registers { a: CC, b: 6, c: A6, d: 6, e: A6, h: 0, l: 0, sp: 7AD, pc: 54F, f: Flags(44) }
PC: 054F LDA 06A6 Registers { a: CC, b: 6, c: A6, d: 6, e: A6, h: 0, l: 0, sp: 7AD, pc: 552, f: Flags(44) }
PC: 0552 CPI 89 Registers { a: CC, b: 6, c: A6, d: 6, e: A6, h: 0, l: 0, sp: 7AD, pc: 554, f: Flags(44) }
PC: 0554 Cccc 0000 Registers { a: CC, b: 6, c: A6, d: 6, e: A6, h: 0, l: 0, sp: 7AD, pc: 557, f: Flags(44) }
PC: 0557 LXI 7777 Registers { a: CC, b: 6, c: A6, d: 6, e: A6, h: 77, l: 77, sp: 7AD, pc: 55A, f: Flags(44) }
PC: 055A DAD eeee Registers { a: CC, b: 6, c: A6, d: 6, e: A6, h: EE, l: EE, sp: 7AD, pc: 55B, f: Flags(44) }
PC: 055B MVI C4 Registers { a: EE, b: 6, c: A6, d: 6, e: A6, h: EE, l: EE, sp: 7AD, pc: 55D, f: Flags(44) }
PC: 055D CMP 89 Registers { a: EE, b: 6, c: A6, d: 6, e: A6, h: EE, l: EE, sp: 7AD, pc: 55E, f: Flags(44) }
PC: 055E Cccc 0000 Registers { a: EE, b: 6, c: A6, d: 6, e: A6, h: EE, l: EE, sp: 7AD, pc: 561, f: Flags(44) }
PC: 0561 CMP 89 Registers { a: EE, b: 6, c: A6, d: 6, e: A6, h: EE, l: EE, sp: 7AD, pc: 562, f: Flags(44) }
PC: 0562 Cccc 0000 Registers { a: EE, b: 6, c: A6, d: 6, e: A6, h: EE, l: EE, sp: 7AD, pc: 565, f: Flags(44) }
PC: 0565 LXI 5555 Registers { a: EE, b: 6, c: A6, d: 6, e: A6, h: 55, l: 55, sp: 7AD, pc: 568, f: Flags(44) }
PC: 0568 LXI FFFF Registers { a: EE, b: FF, c: FF, d: 6, e: A6, h: 55, l: 55, sp: 7AD, pc: 56B, f: Flags(44) }
PC: 056B DAD 5554 Registers { a: EE, b: FF, c: FF, d: 6, e: A6, h: 55, l: 54, sp: 7AD, pc: 56C, f: Flags(45) }
PC: 056C MVI 89 Registers { a: 55, b: FF, c: FF, d: 6, e: A6, h: 55, l: 54, sp: 7AD, pc: 56E, f: Flags(45) }
PC: 056E Cccc 0000 Registers { a: 55, b: FF, c: FF, d: 6, e: A6, h: 55, l: 54, sp: 7AD, pc: 571, f: Flags(45) }
PC: 0571 CMP 89 Registers { a: 55, b: FF, c: FF, d: 6, e: A6, h: 55, l: 54, sp: 7AD, pc: 572, f: Flags(54) }
PC: 0572 Cccc 0000 Registers { a: 55, b: FF, c: FF, d: 6, e: A6, h: 55, l: 54, sp: 7AD, pc: 575, f: Flags(54) }
PC: 0575 MVI C4 Registers { a: 54, b: FF, c: FF, d: 6, e: A6, h: 55, l: 54, sp: 7AD, pc: 577, f: Flags(54) }
PC: 0577 CMP 89 Registers { a: 54, b: FF, c: FF, d: 6, e: A6, h: 55, l: 54, sp: 7AD, pc: 578, f: Flags(54) }
PC: 0578 Cccc 0000 Registers { a: 54, b: FF, c: FF, d: 6, e: A6, h: 55, l: 54, sp: 7AD, pc: 57B, f: Flags(54) }
PC: 057B LXI AAAA Registers { a: 54, b: FF, c: FF, d: 6, e: A6, h: AA, l: AA, sp: 7AD, pc: 57E, f: Flags(54) }
PC: 057E LXI 3333 Registers { a: 54, b: FF, c: FF, d: 33, e: 33, h: AA, l: AA, sp: 7AD, pc: 581, f: Flags(54) }
PC: 0581 DAD dddd Registers { a: 54, b: FF, c: FF, d: 33, e: 33, h: DD, l: DD, sp: 7AD, pc: 582, f: Flags(54) }
PC: 0582 MVI C4 Registers { a: DD, b: FF, c: FF, d: 33, e: 33, h: DD, l: DD, sp: 7AD, pc: 584, f: Flags(54) }
PC: 0584 CMP 89 Registers { a: DD, b: FF, c: FF, d: 33, e: 33, h: DD, l: DD, sp: 7AD, pc: 585, f: Flags(54) }
PC: 0585 Cccc 0000 Registers { a: DD, b: FF, c: FF, d: 33, e: 33, h: DD, l: DD, sp: 7AD, pc: 588, f: Flags(54) }
PC: 0588 CMP 89 Registers { a: DD, b: FF, c: FF, d: 33, e: 33, h: DD, l: DD, sp: 7AD, pc: 589, f: Flags(54) }
PC: 0589 Cccc 0000 Registers { a: DD, b: FF, c: FF, d: 33, e: 33, h: DD, l: DD, sp: 7AD, pc: 58C, f: Flags(54) }
PC: 058C STC Registers { a: DD, b: FF, c: FF, d: 33, e: 33, h: DD, l: DD, sp: 7AD, pc: 58D, f: Flags(55) }
PC: 058D Cccc 0000 Registers { a: DD, b: FF, c: FF, d: 33, e: 33, h: DD, l: DD, sp: 7AD, pc: 590, f: Flags(55) }
PC: 0590 CMC false Registers { a: DD, b: FF, c: FF, d: 33, e: 33, h: DD, l: DD, sp: 7AD, pc: 591, f: Flags(54) }
PC: 0591 Cccc 0000 Registers { a: DD, b: FF, c: FF, d: 33, e: 33, h: DD, l: DD, sp: 7AD, pc: 594, f: Flags(54) }
PC: 0594 MVI FE Registers { a: AA, b: FF, c: FF, d: 33, e: 33, h: DD, l: DD, sp: 7AD, pc: 596, f: Flags(54) }
PC: 0596 CMA 55 Registers { a: 55, b: FF, c: FF, d: 33, e: 33, h: DD, l: DD, sp: 7AD, pc: 597, f: Flags(54) }
PC: 0597 CPI 89 Registers { a: 55, b: FF, c: FF, d: 33, e: 33, h: DD, l: DD, sp: 7AD, pc: 599, f: Flags(54) }
PC: 0599 Cccc 0000 Registers { a: 55, b: FF, c: FF, d: 33, e: 33, h: DD, l: DD, sp: 7AD, pc: 59C, f: Flags(54) }
PC: 059C JMP 05C2 Registers { a: 55, b: FF, c: FF, d: 33, e: 33, h: DD, l: DD, sp: 7AD, pc: 5C2, f: Flags(54) }
PC: 05C2 STC Registers { a: 55, b: FF, c: FF, d: 33, e: 33, h: DD, l: DD, sp: 7AD, pc: 5C3, f: Flags(55) }
PC: 05C3 MVI DC Registers { a: 42, b: FF, c: FF, d: 33, e: 33, h: DD, l: DD, sp: 7AD, pc: 5C5, f: Flags(55) }
PC: 05C5 RLC 84 Registers { a: 84, b: FF, c: FF, d: 33, e: 33, h: DD, l: DD, sp: 7AD, pc: 5C6, f: Flags(54) }
PC: 05C6 Cccc 0000 Registers { a: 84, b: FF, c: FF, d: 33, e: 33, h: DD, l: DD, sp: 7AD, pc: 5C9, f: Flags(54) }
PC: 05C9 RLC 08 Registers { a: 9, b: FF, c: FF, d: 33, e: 33, h: DD, l: DD, sp: 7AD, pc: 5CA, f: Flags(55) }
PC: 05CA Cccc 0000 Registers { a: 9, b: FF, c: FF, d: 33, e: 33, h: DD, l: DD, sp: 7AD, pc: 5CD, f: Flags(55) }
PC: 05CD CPI 89 Registers { a: 9, b: FF, c: FF, d: 33, e: 33, h: DD, l: DD, sp: 7AD, pc: 5CF, f: Flags(44) }
PC: 05CF Cccc 0000 Registers { a: 9, b: FF, c: FF, d: 33, e: 33, h: DD, l: DD, sp: 7AD, pc: 5D2, f: Flags(44) }
PC: 05D2 RRC 84 Registers { a: 84, b: FF, c: FF, d: 33, e: 33, h: DD, l: DD, sp: 7AD, pc: 5D3, f: Flags(45) }
PC: 05D3 Cccc 0000 Registers { a: 84, b: FF, c: FF, d: 33, e: 33, h: DD, l: DD, sp: 7AD, pc: 5D6, f: Flags(45) }
PC: 05D6 RRC 42 Registers { a: 42, b: FF, c: FF, d: 33, e: 33, h: DD, l: DD, sp: 7AD, pc: 5D7, f: Flags(44) }
PC: 05D7 CPI 89 Registers { a: 42, b: FF, c: FF, d: 33, e: 33, h: DD, l: DD, sp: 7AD, pc: 5D9, f: Flags(44) }
PC: 05D9 Cccc 0000 Registers { a: 42, b: FF, c: FF, d: 33, e: 33, h: DD, l: DD, sp: 7AD, pc: 5DC, f: Flags(44) }
PC: 05DC RAL 84 Registers { a: 84, b: FF, c: FF, d: 33, e: 33, h: DD, l: DD, sp: 7AD, pc: 5DD, f: Flags(44) }
PC: 05DD RAL 08 Registers { a: 8, b: FF, c: FF, d: 33, e: 33, h: DD, l: DD, sp: 7AD, pc: 5DE, f: Flags(45) }
PC: 05DE Cccc 0000 Registers { a: 8, b: FF, c: FF, d: 33, e: 33, h: DD, l: DD, sp: 7AD, pc: 5E1, f: Flags(45) }
PC: 05E1 CPI 89 Registers { a: 8, b: FF, c: FF, d: 33, e: 33, h: DD, l: DD, sp: 7AD, pc: 5E3, f: Flags(44) }
PC: 05E3 Cccc 0000 Registers { a: 8, b: FF, c: FF, d: 33, e: 33, h: DD, l: DD, sp: 7AD, pc: 5E6, f: Flags(44) }
PC: 05E6 RAL 04 Registers { a: 4, b: FF, c: FF, d: 33, e: 33, h: DD, l: DD, sp: 7AD, pc: 5E7, f: Flags(44) }
PC: 05E7 RAL 02 Registers { a: 2, b: FF, c: FF, d: 33, e: 33, h: DD, l: DD, sp: 7AD, pc: 5E8, f: Flags(44) }
PC: 05E8 Cccc 0000 Registers { a: 2, b: FF, c: FF, d: 33, e: 33, h: DD, l: DD, sp: 7AD, pc: 5EB, f: Flags(44) }
PC: 05EB CPI 89 Registers { a: 2, b: FF, c: FF, d: 33, e: 33, h: DD, l: DD, sp: 7AD, pc: 5ED, f: Flags(44) }
PC: 05ED Cccc 0000 Registers { a: 2, b: FF, c: FF, d: 33, e: 33, h: DD, l: DD, sp: 7AD, pc: 5F0, f: Flags(44) }
PC: 05F0 LXI 1234 Registers { a: 2, b: 12, c: 34, d: 33, e: 33, h: DD, l: DD, sp: 7AD, pc: 5F3, f: Flags(44) }
PC: 05F3 LXI AAAA Registers { a: 2, b: 12, c: 34, d: AA, e: AA, h: DD, l: DD, sp: 7AD, pc: 5F6, f: Flags(44) }
PC: 05F6 LXI 5555 Registers { a: 2, b: 12, c: 34, d: AA, e: AA, h: 55, l: 55, sp: 7AD, pc: 5F9, f: Flags(44) }
PC: 05F9 XRA 02 Registers { a: 0, b: 12, c: 34, d: AA, e: AA, h: 55, l: 55, sp: 7AD, pc: 5FA, f: Flags(44) }
PC: 05FA PUSH 1234 Registers { a: 0, b: 12, c: 34, d: AA, e: AA, h: 55, l: 55, sp: 7AB, pc: 5FB, f: Flags(44) }
PC: 05FB PUSH AAAA Registers { a: 0, b: 12, c: 34, d: AA, e: AA, h: 55, l: 55, sp: 7A9, pc: 5FC, f: Flags(44) }
PC: 05FC PUSH 5555 Registers { a: 0, b: 12, c: 34, d: AA, e: AA, h: 55, l: 55, sp: 7A7, pc: 5FD, f: Flags(44) }
PC: 05FD PUSH 0044 Registers { a: 0, b: 12, c: 34, d: AA, e: AA, h: 55, l: 55, sp: 7A5, pc: 5FE, f: Flags(44) }
PC: 05FE LXI 0000 Registers { a: 0, b: 0, c: 0, d: AA, e: AA, h: 55, l: 55, sp: 7A5, pc: 601, f: Flags(44) }
PC: 0601 LXI 0000 Registers { a: 0, b: 0, c: 0, d: 0, e: 0, h: 55, l: 55, sp: 7A5, pc: 604, f: Flags(44) }
PC: 0604 LXI 0000 Registers { a: 0, b: 0, c: 0, d: 0, e: 0, h: 0, l: 0, sp: 7A5, pc: 607, f: Flags(44) }
PC: 0607 MVI F0 Registers { a: C0, b: 0, c: 0, d: 0, e: 0, h: 0, l: 0, sp: 7A5, pc: 609, f: Flags(44) }
PC: 0609 ADI F0 Registers { a: B0, b: 0, c: 0, d: 0, e: 0, h: 0, l: 0, sp: 7A5, pc: 60B, f: Flags(81) }
PC: 060B POP 0044 Registers { a: 0, b: 0, c: 0, d: 0, e: 0, h: 0, l: 0, sp: 7A7, pc: 60C, f: Flags(44) }
PC: 060C POP 5555 Registers { a: 0, b: 0, c: 0, d: 0, e: 0, h: 55, l: 55, sp: 7A9, pc: 60D, f: Flags(44) }
PC: 060D POP aaaa Registers { a: 0, b: 0, c: 0, d: AA, e: AA, h: 55, l: 55, sp: 7AB, pc: 60E, f: Flags(44) }
PC: 060E POP 1234 Registers { a: 0, b: 12, c: 34, d: AA, e: AA, h: 55, l: 55, sp: 7AD, pc: 60F, f: Flags(44) }
PC: 060F Cccc 0000 Registers { a: 0, b: 12, c: 34, d: AA, e: AA, h: 55, l: 55, sp: 7AD, pc: 612, f: Flags(44) }
PC: 0612 Cccc 0000 Registers { a: 0, b: 12, c: 34, d: AA, e: AA, h: 55, l: 55, sp: 7AD, pc: 615, f: Flags(44) }
PC: 0615 Cccc 0000 Registers { a: 0, b: 12, c: 34, d: AA, e: AA, h: 55, l: 55, sp: 7AD, pc: 618, f: Flags(44) }
PC: 0618 Cccc 0000 Registers { a: 0, b: 12, c: 34, d: AA, e: AA, h: 55, l: 55, sp: 7AD, pc: 61B, f: Flags(44) }
PC: 061B MVI C4 Registers { a: 12, b: 12, c: 34, d: AA, e: AA, h: 55, l: 55, sp: 7AD, pc: 61D, f: Flags(44) }
PC: 061D CMP 89 Registers { a: 12, b: 12, c: 34, d: AA, e: AA, h: 55, l: 55, sp: 7AD, pc: 61E, f: Flags(54) }
PC: 061E Cccc 0000 Registers { a: 12, b: 12, c: 34, d: AA, e: AA, h: 55, l: 55, sp: 7AD, pc: 621, f: Flags(54) }
PC: 0621 MVI C4 Registers { a: 34, b: 12, c: 34, d: AA, e: AA, h: 55, l: 55, sp: 7AD, pc: 623, f: Flags(54) }
PC: 0623 CMP 89 Registers { a: 34, b: 12, c: 34, d: AA, e: AA, h: 55, l: 55, sp: 7AD, pc: 624, f: Flags(54) }
PC: 0624 Cccc 0000 Registers { a: 34, b: 12, c: 34, d: AA, e: AA, h: 55, l: 55, sp: 7AD, pc: 627, f: Flags(54) }
PC: 0627 MVI C4 Registers { a: AA, b: 12, c: 34, d: AA, e: AA, h: 55, l: 55, sp: 7AD, pc: 629, f: Flags(54) }
PC: 0629 CMP 89 Registers { a: AA, b: 12, c: 34, d: AA, e: AA, h: 55, l: 55, sp: 7AD, pc: 62A, f: Flags(44) }
PC: 062A Cccc 0000 Registers { a: AA, b: 12, c: 34, d: AA, e: AA, h: 55, l: 55, sp: 7AD, pc: 62D, f: Flags(44) }
PC: 062D CMP 89 Registers { a: AA, b: 12, c: 34, d: AA, e: AA, h: 55, l: 55, sp: 7AD, pc: 62E, f: Flags(44) }
PC: 062E Cccc 0000 Registers { a: AA, b: 12, c: 34, d: AA, e: AA, h: 55, l: 55, sp: 7AD, pc: 631, f: Flags(44) }
PC: 0631 MVI C4 Registers { a: 55, b: 12, c: 34, d: AA, e: AA, h: 55, l: 55, sp: 7AD, pc: 633, f: Flags(44) }
PC: 0633 CMP 89 Registers { a: 55, b: 12, c: 34, d: AA, e: AA, h: 55, l: 55, sp: 7AD, pc: 634, f: Flags(54) }
PC: 0634 Cccc 0000 Registers { a: 55, b: 12, c: 34, d: AA, e: AA, h: 55, l: 55, sp: 7AD, pc: 637, f: Flags(54) }
PC: 0637 CMP 89 Registers { a: 55, b: 12, c: 34, d: AA, e: AA, h: 55, l: 55, sp: 7AD, pc: 638, f: Flags(54) }
PC: 0638 Cccc 0000 Registers { a: 55, b: 12, c: 34, d: AA, e: AA, h: 55, l: 55, sp: 7AD, pc: 63B, f: Flags(54) }
PC: 063B LXI 0000 Registers { a: 55, b: 12, c: 34, d: AA, e: AA, h: 0, l: 0, sp: 7AD, pc: 63E, f: Flags(54) }
PC: 063E DAD 07ad Registers { a: 55, b: 12, c: 34, d: AA, e: AA, h: 7, l: AD, sp: 7AD, pc: 63F, f: Flags(54) }
PC: 063F LHLD 07AD Registers { a: 55, b: 12, c: 34, d: AA, e: AA, h: 7, l: AD, sp: 7AD, pc: 642, f: Flags(54) }
PC: 0642 LXI 06AA Registers { a: 55, b: 12, c: 34, d: AA, e: AA, h: 7, l: AD, sp: 6AA, pc: 645, f: Flags(54) }
PC: 0645 DCX 6aa Registers { a: 55, b: 12, c: 34, d: AA, e: AA, h: 7, l: AD, sp: 6A9, pc: 646, f: Flags(54) }
PC: 0646 DCX 6a9 Registers { a: 55, b: 12, c: 34, d: AA, e: AA, h: 7, l: AD, sp: 6A8, pc: 647, f: Flags(54) }
PC: 0647 INX 6a8 Registers { a: 55, b: 12, c: 34, d: AA, e: AA, h: 7, l: AD, sp: 6A9, pc: 648, f: Flags(54) }
PC: 0648 DCX 6a9 Registers { a: 55, b: 12, c: 34, d: AA, e: AA, h: 7, l: AD, sp: 6A8, pc: 649, f: Flags(54) }
PC: 0649 MVI A8 Registers { a: 55, b: 12, c: 34, d: AA, e: AA, h: 7, l: AD, sp: 6A8, pc: 64B, f: Flags(54) }
PC: 064B SDA 06A8 Registers { a: 55, b: 12, c: 34, d: AA, e: AA, h: 7, l: AD, sp: 6A8, pc: 64E, f: Flags(54) }
PC: 064E CMA aa Registers { a: AA, b: 12, c: 34, d: AA, e: AA, h: 7, l: AD, sp: 6A8, pc: 64F, f: Flags(54) }
PC: 064F SDA 06A9 Registers { a: AA, b: 12, c: 34, d: AA, e: AA, h: 7, l: AD, sp: 6A8, pc: 652, f: Flags(54) }
PC: 0652 POP aa55 Registers { a: AA, b: AA, c: 55, d: AA, e: AA, h: 7, l: AD, sp: 6AA, pc: 653, f: Flags(54) }
PC: 0653 CMP 89 Registers { a: AA, b: AA, c: 55, d: AA, e: AA, h: 7, l: AD, sp: 6AA, pc: 654, f: Flags(44) }
PC: 0654 Cccc 0000 Registers { a: AA, b: AA, c: 55, d: AA, e: AA, h: 7, l: AD, sp: 6AA, pc: 657, f: Flags(44) }
PC: 0657 CMA 55 Registers { a: 55, b: AA, c: 55, d: AA, e: AA, h: 7, l: AD, sp: 6AA, pc: 658, f: Flags(44) }
PC: 0658 CMP 89 Registers { a: 55, b: AA, c: 55, d: AA, e: AA, h: 7, l: AD, sp: 6AA, pc: 659, f: Flags(54) }
PC: 0659 Cccc 0000 Registers { a: 55, b: AA, c: 55, d: AA, e: AA, h: 7, l: AD, sp: 6AA, pc: 65C, f: Flags(54) }
PC: 065C LXI 06AA Registers { a: 55, b: AA, c: 55, d: AA, e: AA, h: 6, l: AA, sp: 6AA, pc: 65F, f: Flags(54) }
PC: 065F SPHL 06aa Registers { a: 55, b: AA, c: 55, d: AA, e: AA, h: 6, l: AA, sp: 6AA, pc: 660, f: Flags(54) }
PC: 0660 LXI 7733 Registers { a: 55, b: AA, c: 55, d: AA, e: AA, h: 77, l: 33, sp: 6AA, pc: 663, f: Flags(54) }
PC: 0663 DCX 6aa Registers { a: 55, b: AA, c: 55, d: AA, e: AA, h: 77, l: 33, sp: 6A9, pc: 664, f: Flags(54) }
PC: 0664 DCX 6a9 Registers { a: 55, b: AA, c: 55, d: AA, e: AA, h: 77, l: 33, sp: 6A8, pc: 665, f: Flags(54) }
PC: 0665 XTHL aa55 Registers { a: 55, b: AA, c: 55, d: AA, e: AA, h: AA, l: 55, sp: 6A8, pc: 666, f: Flags(54) }
PC: 0666 LDA 06A9 Registers { a: 77, b: AA, c: 55, d: AA, e: AA, h: AA, l: 55, sp: 6A8, pc: 669, f: Flags(54) }
PC: 0669 CPI 89 Registers { a: 77, b: AA, c: 55, d: AA, e: AA, h: AA, l: 55, sp: 6A8, pc: 66B, f: Flags(54) }
PC: 066B Cccc 0000 Registers { a: 77, b: AA, c: 55, d: AA, e: AA, h: AA, l: 55, sp: 6A8, pc: 66E, f: Flags(54) }
PC: 066E LDA 06A8 Registers { a: 33, b: AA, c: 55, d: AA, e: AA, h: AA, l: 55, sp: 6A8, pc: 671, f: Flags(54) }
PC: 0671 CPI 89 Registers { a: 33, b: AA, c: 55, d: AA, e: AA, h: AA, l: 55, sp: 6A8, pc: 673, f: Flags(54) }
PC: 0673 Cccc 0000 Registers { a: 33, b: AA, c: 55, d: AA, e: AA, h: AA, l: 55, sp: 6A8, pc: 676, f: Flags(54) }
PC: 0676 MVI C4 Registers { a: 55, b: AA, c: 55, d: AA, e: AA, h: AA, l: 55, sp: 6A8, pc: 678, f: Flags(54) }
PC: 0678 CMP 89 Registers { a: 55, b: AA, c: 55, d: AA, e: AA, h: AA, l: 55, sp: 6A8, pc: 679, f: Flags(54) }
PC: 0679 Cccc 0000 Registers { a: 55, b: AA, c: 55, d: AA, e: AA, h: AA, l: 55, sp: 6A8, pc: 67C, f: Flags(54) }
PC: 067C CMA aa Registers { a: AA, b: AA, c: 55, d: AA, e: AA, h: AA, l: 55, sp: 6A8, pc: 67D, f: Flags(54) }
PC: 067D CMP 89 Registers { a: AA, b: AA, c: 55, d: AA, e: AA, h: AA, l: 55, sp: 6A8, pc: 67E, f: Flags(44) }
PC: 067E Cccc 0000 Registers { a: AA, b: AA, c: 55, d: AA, e: AA, h: AA, l: 55, sp: 6A8, pc: 681, f: Flags(44) }
PC: 0681 LHLD 07AD Registers { a: AA, b: AA, c: 55, d: AA, e: AA, h: 7, l: AD, sp: 6A8, pc: 684, f: Flags(44) }
PC: 0684 SPHL 07ad Registers { a: AA, b: AA, c: 55, d: AA, e: AA, h: 7, l: AD, sp: 7AD, pc: 685, f: Flags(44) }
PC: 0685 LXI 069B Registers { a: AA, b: AA, c: 55, d: AA, e: AA, h: 6, l: 9B, sp: 7AD, pc: 688, f: Flags(44) }
PC: 0688 PCHL 0688 Registers { a: AA, b: AA, c: 55, d: AA, e: AA, h: 6, l: 9B, sp: 7AD, pc: 69B, f: Flags(44) }
PC: 069B LXI 0174 Registers { a: AA, b: AA, c: 55, d: AA, e: AA, h: 1, l: 74, sp: 7AD, pc: 69E, f: Flags(44) }
PC: 069E CALL 0145 Registers { a: AA, b: AA, c: 55, d: AA, e: AA, h: 1, l: 74, sp: 7AB, pc: 145, f: Flags(44) }
PC: 0145 PUSH AAAA Registers { a: AA, b: AA, c: 55, d: AA, e: AA, h: 1, l: 74, sp: 7A9, pc: 146, f: Flags(44) }
PC: 0146 XCHG AAAA Registers { a: AA, b: AA, c: 55, d: 1, e: 74, h: AA, l: AA, sp: 7A9, pc: 147, f: Flags(44) }
PC: 0147 MVI 05 Registers { a: AA, b: AA, c: 9, d: 1, e: 74, h: AA, l: AA, sp: 7A9, pc: 149, f: Flags(44) }
PC: 0149 CALL 0005 Registers { a: AA, b: AA, c: 9, d: 1, e: 74, h: AA, l: AA, sp: 7A7, pc: 5, f: Flags(44) }
PC: 0005 
 CPU IS OPERATIONAL$
RET 0149 Registers { a: AA, b: AA, c: 9, d: 1, e: 74, h: AA, l: AA, sp: 7A9, pc: 14C, f: Flags(44) }
PC: 014C POP aaaa Registers { a: AA, b: AA, c: 9, d: AA, e: AA, h: AA, l: AA, sp: 7AB, pc: 14D, f: Flags(44) }
PC: 014D RET 069E Registers { a: AA, b: AA, c: 9, d: AA, e: AA, h: AA, l: AA, sp: 7AD, pc: 6A1, f: Flags(44) }
PC: 06A1 JMP 0000 Registers { a: AA, b: AA, c: 9, d: AA, e: AA, h: AA, l: AA, sp: 7AD, pc: 0, f: Flags(44) }
PC: 0000 